[4.196s] Invoking command in '/home/reuben/ros2_ws/build/examples_rclpy_minimal_client': PYTHONPATH=/home/reuben/ros2_ws/build/examples_rclpy_minimal_client/prefix_override:/home/reuben/ros2_ws/install/examples_rclpy_minimal_client/lib/python3.10/site-packages:${PYTHONPATH} /usr/bin/python3 setup.py develop --editable --build-directory /home/reuben/ros2_ws/build/examples_rclpy_minimal_client/build --no-deps install_data
[4.479s] running develop
[4.481s] /usr/lib/python3/dist-packages/setuptools/command/easy_install.py:158: EasyInstallDeprecationWarning: easy_install command is deprecated. Use build and pip and other standards-based tools.
[4.481s]   warnings.warn(
[4.481s] /usr/lib/python3/dist-packages/setuptools/command/install.py:34: SetuptoolsDeprecationWarning: setup.py install is deprecated. Use build and pip and other standards-based tools.
[4.482s]   warnings.warn(
[4.681s] running egg_info
[4.681s] writing examples_rclpy_minimal_client.egg-info/PKG-INFO
[4.682s] writing dependency_links to examples_rclpy_minimal_client.egg-info/dependency_links.txt
[4.682s] writing entry points to examples_rclpy_minimal_client.egg-info/entry_points.txt
[4.682s] writing requirements to examples_rclpy_minimal_client.egg-info/requires.txt
[4.682s] writing top-level names to examples_rclpy_minimal_client.egg-info/top_level.txt
[4.684s] reading manifest file 'examples_rclpy_minimal_client.egg-info/SOURCES.txt'
[4.685s] writing manifest file 'examples_rclpy_minimal_client.egg-info/SOURCES.txt'
[4.738s] running build_ext
[4.738s] Creating /home/reuben/ros2_ws/install/examples_rclpy_minimal_client/lib/python3.10/site-packages/examples-rclpy-minimal-client.egg-link (link to .)
[4.738s] Installing client script to /home/reuben/ros2_ws/install/examples_rclpy_minimal_client/lib/examples_rclpy_minimal_client
[4.739s] Installing client_async script to /home/reuben/ros2_ws/install/examples_rclpy_minimal_client/lib/examples_rclpy_minimal_client
[4.739s] Installing client_async_callback script to /home/reuben/ros2_ws/install/examples_rclpy_minimal_client/lib/examples_rclpy_minimal_client
[4.739s] Installing client_async_member_function script to /home/reuben/ros2_ws/install/examples_rclpy_minimal_client/lib/examples_rclpy_minimal_client
[4.739s] 
[4.739s] Installed /home/reuben/ros2_ws/build/examples_rclpy_minimal_client
[4.739s] running install_data
[4.837s] Invoked command in '/home/reuben/ros2_ws/build/examples_rclpy_minimal_client' returned '0': PYTHONPATH=/home/reuben/ros2_ws/build/examples_rclpy_minimal_client/prefix_override:/home/reuben/ros2_ws/install/examples_rclpy_minimal_client/lib/python3.10/site-packages:${PYTHONPATH} /usr/bin/python3 setup.py develop --editable --build-directory /home/reuben/ros2_ws/build/examples_rclpy_minimal_client/build --no-deps install_data
