[1.150s] Invoking command in '/home/reuben/ros2_ws/src/src/examples/rclpy/executors': PYTHONPATH=/home/reuben/ros2_ws/build/examples_rclpy_executors/prefix_override:/home/reuben/ros2_ws/install/examples_rclpy_executors/lib/python3.10/site-packages:${PYTHONPATH} /usr/bin/python3 setup.py egg_info --egg-base ../../../../../build/examples_rclpy_executors build --build-base /home/reuben/ros2_ws/build/examples_rclpy_executors/build install --record /home/reuben/ros2_ws/build/examples_rclpy_executors/install.log --single-version-externally-managed
[2.065s] running egg_info
[2.065s] creating ../../../../../build/examples_rclpy_executors/examples_rclpy_executors.egg-info
[2.065s] writing ../../../../../build/examples_rclpy_executors/examples_rclpy_executors.egg-info/PKG-INFO
[2.065s] writing dependency_links to ../../../../../build/examples_rclpy_executors/examples_rclpy_executors.egg-info/dependency_links.txt
[2.065s] writing entry points to ../../../../../build/examples_rclpy_executors/examples_rclpy_executors.egg-info/entry_points.txt
[2.065s] writing requirements to ../../../../../build/examples_rclpy_executors/examples_rclpy_executors.egg-info/requires.txt
[2.065s] writing top-level names to ../../../../../build/examples_rclpy_executors/examples_rclpy_executors.egg-info/top_level.txt
[2.065s] writing manifest file '../../../../../build/examples_rclpy_executors/examples_rclpy_executors.egg-info/SOURCES.txt'
[2.065s] reading manifest file '../../../../../build/examples_rclpy_executors/examples_rclpy_executors.egg-info/SOURCES.txt'
[2.065s] writing manifest file '../../../../../build/examples_rclpy_executors/examples_rclpy_executors.egg-info/SOURCES.txt'
[2.066s] running build
[2.066s] running build_py
[2.066s] creating /home/reuben/ros2_ws/build/examples_rclpy_executors/build
[2.066s] creating /home/reuben/ros2_ws/build/examples_rclpy_executors/build/lib
[2.066s] creating /home/reuben/ros2_ws/build/examples_rclpy_executors/build/lib/examples_rclpy_executors
[2.066s] copying examples_rclpy_executors/callback_group.py -> /home/reuben/ros2_ws/build/examples_rclpy_executors/build/lib/examples_rclpy_executors
[2.066s] copying examples_rclpy_executors/__init__.py -> /home/reuben/ros2_ws/build/examples_rclpy_executors/build/lib/examples_rclpy_executors
[2.066s] copying examples_rclpy_executors/listener.py -> /home/reuben/ros2_ws/build/examples_rclpy_executors/build/lib/examples_rclpy_executors
[2.066s] copying examples_rclpy_executors/custom_callback_group.py -> /home/reuben/ros2_ws/build/examples_rclpy_executors/build/lib/examples_rclpy_executors
[2.066s] copying examples_rclpy_executors/talker.py -> /home/reuben/ros2_ws/build/examples_rclpy_executors/build/lib/examples_rclpy_executors
[2.066s] copying examples_rclpy_executors/custom_executor.py -> /home/reuben/ros2_ws/build/examples_rclpy_executors/build/lib/examples_rclpy_executors
[2.066s] copying examples_rclpy_executors/composed.py -> /home/reuben/ros2_ws/build/examples_rclpy_executors/build/lib/examples_rclpy_executors
[2.066s] running install
[2.073s] running install_lib
[2.073s] creating /home/reuben/ros2_ws/install/examples_rclpy_executors/lib/python3.10/site-packages/examples_rclpy_executors
[2.073s] copying /home/reuben/ros2_ws/build/examples_rclpy_executors/build/lib/examples_rclpy_executors/callback_group.py -> /home/reuben/ros2_ws/install/examples_rclpy_executors/lib/python3.10/site-packages/examples_rclpy_executors
[2.073s] copying /home/reuben/ros2_ws/build/examples_rclpy_executors/build/lib/examples_rclpy_executors/__init__.py -> /home/reuben/ros2_ws/install/examples_rclpy_executors/lib/python3.10/site-packages/examples_rclpy_executors
[2.074s] copying /home/reuben/ros2_ws/build/examples_rclpy_executors/build/lib/examples_rclpy_executors/listener.py -> /home/reuben/ros2_ws/install/examples_rclpy_executors/lib/python3.10/site-packages/examples_rclpy_executors
[2.074s] copying /home/reuben/ros2_ws/build/examples_rclpy_executors/build/lib/examples_rclpy_executors/custom_callback_group.py -> /home/reuben/ros2_ws/install/examples_rclpy_executors/lib/python3.10/site-packages/examples_rclpy_executors
[2.074s] copying /home/reuben/ros2_ws/build/examples_rclpy_executors/build/lib/examples_rclpy_executors/talker.py -> /home/reuben/ros2_ws/install/examples_rclpy_executors/lib/python3.10/site-packages/examples_rclpy_executors
[2.074s] copying /home/reuben/ros2_ws/build/examples_rclpy_executors/build/lib/examples_rclpy_executors/custom_executor.py -> /home/reuben/ros2_ws/install/examples_rclpy_executors/lib/python3.10/site-packages/examples_rclpy_executors
[2.074s] copying /home/reuben/ros2_ws/build/examples_rclpy_executors/build/lib/examples_rclpy_executors/composed.py -> /home/reuben/ros2_ws/install/examples_rclpy_executors/lib/python3.10/site-packages/examples_rclpy_executors
[2.074s] byte-compiling /home/reuben/ros2_ws/install/examples_rclpy_executors/lib/python3.10/site-packages/examples_rclpy_executors/callback_group.py to callback_group.cpython-310.pyc
[2.074s] byte-compiling /home/reuben/ros2_ws/install/examples_rclpy_executors/lib/python3.10/site-packages/examples_rclpy_executors/__init__.py to __init__.cpython-310.pyc
[2.074s] byte-compiling /home/reuben/ros2_ws/install/examples_rclpy_executors/lib/python3.10/site-packages/examples_rclpy_executors/listener.py to listener.cpython-310.pyc
[2.074s] byte-compiling /home/reuben/ros2_ws/install/examples_rclpy_executors/lib/python3.10/site-packages/examples_rclpy_executors/custom_callback_group.py to custom_callback_group.cpython-310.pyc
[2.074s] byte-compiling /home/reuben/ros2_ws/install/examples_rclpy_executors/lib/python3.10/site-packages/examples_rclpy_executors/talker.py to talker.cpython-310.pyc
[2.074s] byte-compiling /home/reuben/ros2_ws/install/examples_rclpy_executors/lib/python3.10/site-packages/examples_rclpy_executors/custom_executor.py to custom_executor.cpython-310.pyc
[2.074s] byte-compiling /home/reuben/ros2_ws/install/examples_rclpy_executors/lib/python3.10/site-packages/examples_rclpy_executors/composed.py to composed.cpython-310.pyc
[2.075s] running install_data
[2.075s] creating /home/reuben/ros2_ws/install/examples_rclpy_executors/share/ament_index
[2.075s] creating /home/reuben/ros2_ws/install/examples_rclpy_executors/share/ament_index/resource_index
[2.075s] creating /home/reuben/ros2_ws/install/examples_rclpy_executors/share/ament_index/resource_index/packages
[2.075s] copying resource/examples_rclpy_executors -> /home/reuben/ros2_ws/install/examples_rclpy_executors/share/ament_index/resource_index/packages
[2.075s] copying package.xml -> /home/reuben/ros2_ws/install/examples_rclpy_executors/share/examples_rclpy_executors
[2.075s] running install_egg_info
[2.075s] Copying ../../../../../build/examples_rclpy_executors/examples_rclpy_executors.egg-info to /home/reuben/ros2_ws/install/examples_rclpy_executors/lib/python3.10/site-packages/examples_rclpy_executors-0.15.1-py3.10.egg-info
[2.075s] running install_scripts
[2.075s] Installing callback_group script to /home/reuben/ros2_ws/install/examples_rclpy_executors/lib/examples_rclpy_executors
[2.075s] Installing composed script to /home/reuben/ros2_ws/install/examples_rclpy_executors/lib/examples_rclpy_executors
[2.075s] Installing custom_callback_group script to /home/reuben/ros2_ws/install/examples_rclpy_executors/lib/examples_rclpy_executors
[2.076s] Installing custom_executor script to /home/reuben/ros2_ws/install/examples_rclpy_executors/lib/examples_rclpy_executors
[2.076s] Installing listener script to /home/reuben/ros2_ws/install/examples_rclpy_executors/lib/examples_rclpy_executors
[2.076s] Installing talker script to /home/reuben/ros2_ws/install/examples_rclpy_executors/lib/examples_rclpy_executors
[2.076s] writing list of installed files to '/home/reuben/ros2_ws/build/examples_rclpy_executors/install.log'
[2.076s] /usr/lib/python3/dist-packages/setuptools/command/install.py:34: SetuptoolsDeprecationWarning: setup.py install is deprecated. Use build and pip and other standards-based tools.
[2.076s]   warnings.warn(
[2.103s] Invoked command in '/home/reuben/ros2_ws/src/src/examples/rclpy/executors' returned '0': PYTHONPATH=/home/reuben/ros2_ws/build/examples_rclpy_executors/prefix_override:/home/reuben/ros2_ws/install/examples_rclpy_executors/lib/python3.10/site-packages:${PYTHONPATH} /usr/bin/python3 setup.py egg_info --egg-base ../../../../../build/examples_rclpy_executors build --build-base /home/reuben/ros2_ws/build/examples_rclpy_executors/build install --record /home/reuben/ros2_ws/build/examples_rclpy_executors/install.log --single-version-externally-managed
