[3.662s] Invoking command in '/home/reuben/ros2_ws/build/examples_rclpy_minimal_action_client': PYTHONPATH=/home/reuben/ros2_ws/build/examples_rclpy_minimal_action_client/prefix_override:/home/reuben/ros2_ws/install/examples_rclpy_minimal_action_client/lib/python3.10/site-packages:${PYTHONPATH} /usr/bin/python3 setup.py develop --editable --build-directory /home/reuben/ros2_ws/build/examples_rclpy_minimal_action_client/build --no-deps install_data
[3.890s] running develop
[3.890s] /usr/lib/python3/dist-packages/setuptools/command/easy_install.py:158: EasyInstallDeprecationWarning: easy_install command is deprecated. Use build and pip and other standards-based tools.
[3.890s]   warnings.warn(
[3.891s] /usr/lib/python3/dist-packages/setuptools/command/install.py:34: SetuptoolsDeprecationWarning: setup.py install is deprecated. Use build and pip and other standards-based tools.
[3.891s]   warnings.warn(
[4.033s] running egg_info
[4.033s] writing examples_rclpy_minimal_action_client.egg-info/PKG-INFO
[4.033s] writing dependency_links to examples_rclpy_minimal_action_client.egg-info/dependency_links.txt
[4.033s] writing entry points to examples_rclpy_minimal_action_client.egg-info/entry_points.txt
[4.033s] writing requirements to examples_rclpy_minimal_action_client.egg-info/requires.txt
[4.033s] writing top-level names to examples_rclpy_minimal_action_client.egg-info/top_level.txt
[4.035s] reading manifest file 'examples_rclpy_minimal_action_client.egg-info/SOURCES.txt'
[4.036s] writing manifest file 'examples_rclpy_minimal_action_client.egg-info/SOURCES.txt'
[4.072s] running build_ext
[4.073s] Creating /home/reuben/ros2_ws/install/examples_rclpy_minimal_action_client/lib/python3.10/site-packages/examples-rclpy-minimal-action-client.egg-link (link to .)
[4.073s] Installing client script to /home/reuben/ros2_ws/install/examples_rclpy_minimal_action_client/lib/examples_rclpy_minimal_action_client
[4.073s] Installing client_asyncio script to /home/reuben/ros2_ws/install/examples_rclpy_minimal_action_client/lib/examples_rclpy_minimal_action_client
[4.073s] Installing client_cancel script to /home/reuben/ros2_ws/install/examples_rclpy_minimal_action_client/lib/examples_rclpy_minimal_action_client
[4.073s] Installing client_not_composable script to /home/reuben/ros2_ws/install/examples_rclpy_minimal_action_client/lib/examples_rclpy_minimal_action_client
[4.073s] 
[4.073s] Installed /home/reuben/ros2_ws/build/examples_rclpy_minimal_action_client
[4.074s] running install_data
[4.785s] Invoked command in '/home/reuben/ros2_ws/build/examples_rclpy_minimal_action_client' returned '0': PYTHONPATH=/home/reuben/ros2_ws/build/examples_rclpy_minimal_action_client/prefix_override:/home/reuben/ros2_ws/install/examples_rclpy_minimal_action_client/lib/python3.10/site-packages:${PYTHONPATH} /usr/bin/python3 setup.py develop --editable --build-directory /home/reuben/ros2_ws/build/examples_rclpy_minimal_action_client/build --no-deps install_data
