[0.819s] Invoking command in '/home/reuben/ros2_ws/build/urdf_tutorial': CMAKE_PREFIX_PATH=${CMAKE_PREFIX_PATH}:/home/reuben/ros2_ws/install/rse2108_ass:/home/reuben/ros2_ws/install/mark_1:/home/reuben/ros2_ws/install/launch_testing_examples:/home/reuben/ros2_ws/install/examples_rclpy_pointcloud_publisher:/home/reuben/ros2_ws/install/examples_rclpy_minimal_subscriber:/home/reuben/ros2_ws/install/examples_rclpy_minimal_service:/home/reuben/ros2_ws/install/examples_rclpy_minimal_publisher:/home/reuben/ros2_ws/install/examples_rclpy_minimal_client:/home/reuben/ros2_ws/install/examples_rclpy_minimal_action_server:/home/reuben/ros2_ws/install/examples_rclpy_minimal_action_client:/home/reuben/ros2_ws/install/examples_rclpy_guard_conditions:/home/reuben/ros2_ws/install/examples_rclpy_executors:/opt/ros/humble /usr/bin/cmake /home/reuben/ros2_ws/src/urdf_tutorial -DCMAKE_INSTALL_PREFIX=/home/reuben/ros2_ws/install/urdf_tutorial
[1.127s] -- The C compiler identification is GNU 11.4.0
[1.163s] -- The CXX compiler identification is GNU 11.4.0
[1.195s] -- Detecting C compiler ABI info
[1.277s] -- Detecting C compiler ABI info - done
[1.289s] -- Check for working C compiler: /usr/bin/cc - skipped
[1.290s] -- Detecting C compile features
[1.291s] -- Detecting C compile features - done
[1.297s] -- Detecting CXX compiler ABI info
[1.391s] -- Detecting CXX compiler ABI info - done
[1.400s] -- Check for working CXX compiler: /usr/bin/c++ - skipped
[1.400s] -- Detecting CXX compile features
[1.401s] -- Detecting CXX compile features - done
[1.405s] -- Found ament_cmake: 1.3.5 (/opt/ros/humble/share/ament_cmake/cmake)
[1.686s] -- Found Python3: /usr/bin/python3.10 (found version "3.10.12") found components: Interpreter 
[1.801s] -- Found ament_lint_auto: 0.12.8 (/opt/ros/humble/share/ament_lint_auto/cmake)
[1.909s] -- Configuring done
[1.912s] -- Generating done
[1.912s] -- Build files have been written to: /home/reuben/ros2_ws/build/urdf_tutorial
[1.962s] Invoked command in '/home/reuben/ros2_ws/build/urdf_tutorial' returned '0': CMAKE_PREFIX_PATH=${CMAKE_PREFIX_PATH}:/home/reuben/ros2_ws/install/rse2108_ass:/home/reuben/ros2_ws/install/mark_1:/home/reuben/ros2_ws/install/launch_testing_examples:/home/reuben/ros2_ws/install/examples_rclpy_pointcloud_publisher:/home/reuben/ros2_ws/install/examples_rclpy_minimal_subscriber:/home/reuben/ros2_ws/install/examples_rclpy_minimal_service:/home/reuben/ros2_ws/install/examples_rclpy_minimal_publisher:/home/reuben/ros2_ws/install/examples_rclpy_minimal_client:/home/reuben/ros2_ws/install/examples_rclpy_minimal_action_server:/home/reuben/ros2_ws/install/examples_rclpy_minimal_action_client:/home/reuben/ros2_ws/install/examples_rclpy_guard_conditions:/home/reuben/ros2_ws/install/examples_rclpy_executors:/opt/ros/humble /usr/bin/cmake /home/reuben/ros2_ws/src/urdf_tutorial -DCMAKE_INSTALL_PREFIX=/home/reuben/ros2_ws/install/urdf_tutorial
[1.963s] Invoking command in '/home/reuben/ros2_ws/build/urdf_tutorial': CMAKE_PREFIX_PATH=${CMAKE_PREFIX_PATH}:/home/reuben/ros2_ws/install/rse2108_ass:/home/reuben/ros2_ws/install/mark_1:/home/reuben/ros2_ws/install/launch_testing_examples:/home/reuben/ros2_ws/install/examples_rclpy_pointcloud_publisher:/home/reuben/ros2_ws/install/examples_rclpy_minimal_subscriber:/home/reuben/ros2_ws/install/examples_rclpy_minimal_service:/home/reuben/ros2_ws/install/examples_rclpy_minimal_publisher:/home/reuben/ros2_ws/install/examples_rclpy_minimal_client:/home/reuben/ros2_ws/install/examples_rclpy_minimal_action_server:/home/reuben/ros2_ws/install/examples_rclpy_minimal_action_client:/home/reuben/ros2_ws/install/examples_rclpy_guard_conditions:/home/reuben/ros2_ws/install/examples_rclpy_executors:/opt/ros/humble /usr/bin/cmake --build /home/reuben/ros2_ws/build/urdf_tutorial -- -j16 -l16
[2.052s] Invoked command in '/home/reuben/ros2_ws/build/urdf_tutorial' returned '0': CMAKE_PREFIX_PATH=${CMAKE_PREFIX_PATH}:/home/reuben/ros2_ws/install/rse2108_ass:/home/reuben/ros2_ws/install/mark_1:/home/reuben/ros2_ws/install/launch_testing_examples:/home/reuben/ros2_ws/install/examples_rclpy_pointcloud_publisher:/home/reuben/ros2_ws/install/examples_rclpy_minimal_subscriber:/home/reuben/ros2_ws/install/examples_rclpy_minimal_service:/home/reuben/ros2_ws/install/examples_rclpy_minimal_publisher:/home/reuben/ros2_ws/install/examples_rclpy_minimal_client:/home/reuben/ros2_ws/install/examples_rclpy_minimal_action_server:/home/reuben/ros2_ws/install/examples_rclpy_minimal_action_client:/home/reuben/ros2_ws/install/examples_rclpy_guard_conditions:/home/reuben/ros2_ws/install/examples_rclpy_executors:/opt/ros/humble /usr/bin/cmake --build /home/reuben/ros2_ws/build/urdf_tutorial -- -j16 -l16
[2.069s] Invoking command in '/home/reuben/ros2_ws/build/urdf_tutorial': CMAKE_PREFIX_PATH=${CMAKE_PREFIX_PATH}:/home/reuben/ros2_ws/install/rse2108_ass:/home/reuben/ros2_ws/install/mark_1:/home/reuben/ros2_ws/install/launch_testing_examples:/home/reuben/ros2_ws/install/examples_rclpy_pointcloud_publisher:/home/reuben/ros2_ws/install/examples_rclpy_minimal_subscriber:/home/reuben/ros2_ws/install/examples_rclpy_minimal_service:/home/reuben/ros2_ws/install/examples_rclpy_minimal_publisher:/home/reuben/ros2_ws/install/examples_rclpy_minimal_client:/home/reuben/ros2_ws/install/examples_rclpy_minimal_action_server:/home/reuben/ros2_ws/install/examples_rclpy_minimal_action_client:/home/reuben/ros2_ws/install/examples_rclpy_guard_conditions:/home/reuben/ros2_ws/install/examples_rclpy_executors:/opt/ros/humble /usr/bin/cmake --install /home/reuben/ros2_ws/build/urdf_tutorial
[2.076s] -- Install configuration: ""
[2.076s] -- Installing: /home/reuben/ros2_ws/install/urdf_tutorial/share/urdf_tutorial/images
[2.077s] -- Installing: /home/reuben/ros2_ws/install/urdf_tutorial/share/urdf_tutorial/images/flexible.png
[2.077s] -- Installing: /home/reuben/ros2_ws/install/urdf_tutorial/share/urdf_tutorial/images/origins.png
[2.077s] -- Installing: /home/reuben/ros2_ws/install/urdf_tutorial/share/urdf_tutorial/images/visual.png
[2.077s] -- Installing: /home/reuben/ros2_ws/install/urdf_tutorial/share/urdf_tutorial/images/materials.png
[2.077s] -- Installing: /home/reuben/ros2_ws/install/urdf_tutorial/share/urdf_tutorial/images/myfirst.png
[2.078s] -- Installing: /home/reuben/ros2_ws/install/urdf_tutorial/share/urdf_tutorial/images/multipleshapes.png
[2.078s] -- Installing: /home/reuben/ros2_ws/install/urdf_tutorial/share/urdf_tutorial/launch
[2.078s] -- Installing: /home/reuben/ros2_ws/install/urdf_tutorial/share/urdf_tutorial/launch/display.launch.py
[2.078s] -- Installing: /home/reuben/ros2_ws/install/urdf_tutorial/share/urdf_tutorial/meshes
[2.078s] -- Installing: /home/reuben/ros2_ws/install/urdf_tutorial/share/urdf_tutorial/meshes/l_finger.dae
[2.078s] -- Installing: /home/reuben/ros2_ws/install/urdf_tutorial/share/urdf_tutorial/meshes/l_finger_tip.dae
[2.078s] -- Installing: /home/reuben/ros2_ws/install/urdf_tutorial/share/urdf_tutorial/meshes/l_finger_color.png
[2.078s] -- Installing: /home/reuben/ros2_ws/install/urdf_tutorial/share/urdf_tutorial/meshes/l_finger_tip_color.png
[2.078s] -- Installing: /home/reuben/ros2_ws/install/urdf_tutorial/share/urdf_tutorial/rviz
[2.079s] -- Installing: /home/reuben/ros2_ws/install/urdf_tutorial/share/urdf_tutorial/rviz/urdf.rviz
[2.079s] -- Installing: /home/reuben/ros2_ws/install/urdf_tutorial/share/urdf_tutorial/urdf
[2.079s] -- Installing: /home/reuben/ros2_ws/install/urdf_tutorial/share/urdf_tutorial/urdf/07-physics.urdf
[2.079s] -- Installing: /home/reuben/ros2_ws/install/urdf_tutorial/share/urdf_tutorial/urdf/04-materials.urdf
[2.079s] -- Installing: /home/reuben/ros2_ws/install/urdf_tutorial/share/urdf_tutorial/urdf/05-visual.urdf
[2.079s] -- Installing: /home/reuben/ros2_ws/install/urdf_tutorial/share/urdf_tutorial/urdf/03-origins.urdf
[2.079s] -- Installing: /home/reuben/ros2_ws/install/urdf_tutorial/share/urdf_tutorial/urdf/01-myfirst.urdf
[2.079s] -- Installing: /home/reuben/ros2_ws/install/urdf_tutorial/share/urdf_tutorial/urdf/08-macroed.urdf.xacro
[2.079s] -- Installing: /home/reuben/ros2_ws/install/urdf_tutorial/share/urdf_tutorial/urdf/02-multipleshapes.urdf
[2.079s] -- Installing: /home/reuben/ros2_ws/install/urdf_tutorial/share/urdf_tutorial/urdf/06-flexible.urdf
[2.080s] -- Installing: /home/reuben/ros2_ws/install/urdf_tutorial/share/ament_index/resource_index/package_run_dependencies/urdf_tutorial
[2.080s] -- Installing: /home/reuben/ros2_ws/install/urdf_tutorial/share/ament_index/resource_index/parent_prefix_path/urdf_tutorial
[2.080s] -- Installing: /home/reuben/ros2_ws/install/urdf_tutorial/share/urdf_tutorial/environment/ament_prefix_path.sh
[2.080s] -- Installing: /home/reuben/ros2_ws/install/urdf_tutorial/share/urdf_tutorial/environment/ament_prefix_path.dsv
[2.080s] -- Installing: /home/reuben/ros2_ws/install/urdf_tutorial/share/urdf_tutorial/environment/path.sh
[2.080s] -- Installing: /home/reuben/ros2_ws/install/urdf_tutorial/share/urdf_tutorial/environment/path.dsv
[2.081s] -- Installing: /home/reuben/ros2_ws/install/urdf_tutorial/share/urdf_tutorial/local_setup.bash
[2.081s] -- Installing: /home/reuben/ros2_ws/install/urdf_tutorial/share/urdf_tutorial/local_setup.sh
[2.081s] -- Installing: /home/reuben/ros2_ws/install/urdf_tutorial/share/urdf_tutorial/local_setup.zsh
[2.082s] -- Installing: /home/reuben/ros2_ws/install/urdf_tutorial/share/urdf_tutorial/local_setup.dsv
[2.082s] -- Installing: /home/reuben/ros2_ws/install/urdf_tutorial/share/urdf_tutorial/package.dsv
[2.082s] -- Installing: /home/reuben/ros2_ws/install/urdf_tutorial/share/ament_index/resource_index/packages/urdf_tutorial
[2.082s] -- Installing: /home/reuben/ros2_ws/install/urdf_tutorial/share/urdf_tutorial/cmake/urdf_tutorialConfig.cmake
[2.082s] -- Installing: /home/reuben/ros2_ws/install/urdf_tutorial/share/urdf_tutorial/cmake/urdf_tutorialConfig-version.cmake
[2.082s] -- Installing: /home/reuben/ros2_ws/install/urdf_tutorial/share/urdf_tutorial/package.xml
[2.155s] Invoked command in '/home/reuben/ros2_ws/build/urdf_tutorial' returned '0': CMAKE_PREFIX_PATH=${CMAKE_PREFIX_PATH}:/home/reuben/ros2_ws/install/rse2108_ass:/home/reuben/ros2_ws/install/mark_1:/home/reuben/ros2_ws/install/launch_testing_examples:/home/reuben/ros2_ws/install/examples_rclpy_pointcloud_publisher:/home/reuben/ros2_ws/install/examples_rclpy_minimal_subscriber:/home/reuben/ros2_ws/install/examples_rclpy_minimal_service:/home/reuben/ros2_ws/install/examples_rclpy_minimal_publisher:/home/reuben/ros2_ws/install/examples_rclpy_minimal_client:/home/reuben/ros2_ws/install/examples_rclpy_minimal_action_server:/home/reuben/ros2_ws/install/examples_rclpy_minimal_action_client:/home/reuben/ros2_ws/install/examples_rclpy_guard_conditions:/home/reuben/ros2_ws/install/examples_rclpy_executors:/opt/ros/humble /usr/bin/cmake --install /home/reuben/ros2_ws/build/urdf_tutorial
