[0.829s] Invoking command in '/home/reuben/ros2_ws/build/turtlebot3_gazebo': CMAKE_PREFIX_PATH=${CMAKE_PREFIX_PATH}:/home/reuben/ros2_ws/install/rse2108_ass:/home/reuben/ros2_ws/install/mark_1:/home/reuben/ros2_ws/install/launch_testing_examples:/home/reuben/ros2_ws/install/examples_rclpy_pointcloud_publisher:/home/reuben/ros2_ws/install/examples_rclpy_minimal_subscriber:/home/reuben/ros2_ws/install/examples_rclpy_minimal_service:/home/reuben/ros2_ws/install/examples_rclpy_minimal_publisher:/home/reuben/ros2_ws/install/examples_rclpy_minimal_client:/home/reuben/ros2_ws/install/examples_rclpy_minimal_action_server:/home/reuben/ros2_ws/install/examples_rclpy_minimal_action_client:/home/reuben/ros2_ws/install/examples_rclpy_guard_conditions:/home/reuben/ros2_ws/install/examples_rclpy_executors:/opt/ros/humble /usr/bin/cmake /home/reuben/ros2_ws/src/turtlebot3_simulations/turtlebot3_gazebo -DAMENT_CMAKE_SYMLINK_INSTALL=1 -DCMAKE_INSTALL_PREFIX=/home/reuben/ros2_ws/install/turtlebot3_gazebo
[1.362s] -- Found ament_cmake: 1.3.5 (/opt/ros/humble/share/ament_cmake/cmake)
[1.362s] -- Override CMake install command with custom implementation using symlinks instead of copying resources
[1.363s] -- Found DART: /usr/include (Required is at least version "6.6") found components: dart 
[1.363s] -- Found Protobuf: /usr/lib/x86_64-linux-gnu/libprotobuf.so (found version "3.12.4") 
[1.363s] -- Looking for ignition-math6 -- found version 6.15.0
[1.363s] -- Searching for dependencies of ignition-math6
[1.363s] -- Looking for OGRE...
[1.363s] -- Found Ogre Ghadamon (1.9.0)
[1.363s] -- Found OGRE: optimized;/usr/lib/x86_64-linux-gnu/libOgreMain.so;debug;/usr/lib/x86_64-linux-gnu/libOgreMain.so
[1.363s] -- Looking for OGRE_Paging...
[1.363s] -- Found OGRE_Paging: optimized;/usr/lib/x86_64-linux-gnu/libOgrePaging.so;debug;/usr/lib/x86_64-linux-gnu/libOgrePaging.so
[1.363s] -- Looking for OGRE_Terrain...
[1.363s] -- Found OGRE_Terrain: optimized;/usr/lib/x86_64-linux-gnu/libOgreTerrain.so;debug;/usr/lib/x86_64-linux-gnu/libOgreTerrain.so
[1.363s] -- Looking for OGRE_Property...
[1.363s] -- Found OGRE_Property: optimized;/usr/lib/x86_64-linux-gnu/libOgreProperty.so;debug;/usr/lib/x86_64-linux-gnu/libOgreProperty.so
[1.363s] -- Looking for OGRE_RTShaderSystem...
[1.364s] -- Found OGRE_RTShaderSystem: optimized;/usr/lib/x86_64-linux-gnu/libOgreRTShaderSystem.so;debug;/usr/lib/x86_64-linux-gnu/libOgreRTShaderSystem.so
[1.364s] -- Looking for OGRE_Volume...
[1.364s] -- Found OGRE_Volume: optimized;/usr/lib/x86_64-linux-gnu/libOgreVolume.so;debug;/usr/lib/x86_64-linux-gnu/libOgreVolume.so
[1.364s] -- Looking for OGRE_Overlay...
[1.364s] -- Found OGRE_Overlay: optimized;/usr/lib/x86_64-linux-gnu/libOgreOverlay.so;debug;/usr/lib/x86_64-linux-gnu/libOgreOverlay.so
[1.381s] [33mCMake Warning (dev) at /usr/share/cmake-3.22/Modules/FindPackageHandleStandardArgs.cmake:438 (message):
[1.381s]   The package name passed to `find_package_handle_standard_args` (PkgConfig)
[1.381s]   does not match the name of the calling package (gazebo).  This can lead to
[1.381s]   problems in calling code that expects `find_package` result variables
[1.382s]   (e.g., `_FOUND`) to follow a certain pattern.
[1.382s] Call Stack (most recent call first):
[1.382s]   /usr/share/cmake-3.22/Modules/FindPkgConfig.cmake:99 (find_package_handle_standard_args)
[1.382s]   /usr/lib/x86_64-linux-gnu/cmake/gazebo/gazebo-config.cmake:72 (include)
[1.382s]   CMakeLists.txt:23 (find_package)
[1.382s] This warning is for project developers.  Use -Wno-dev to suppress it.
[1.382s] [0m
[1.597s] -- Looking for ignition-math6 -- found version 6.15.0
[1.597s] -- Looking for ignition-transport8 -- found version 8.2.1
[1.597s] -- Searching for dependencies of ignition-transport8
[1.621s] -- Found Protobuf: /usr/lib/x86_64-linux-gnu/libprotobuf.so (found suitable version "3.12.4", minimum required is "3") 
[1.641s] -- Config-file not installed for ZeroMQ -- checking for pkg-config
[1.650s] -- Checking for module 'libzmq >= 4'
[1.683s] --   Found libzmq , version 4.3.4
[1.787s] -- Checking for module 'uuid'
[1.811s] --   Found uuid, version 2.37.2
[1.836s] -- Looking for ignition-msgs5 -- found version 5.8.1
[1.837s] -- Searching for dependencies of ignition-msgs5
[1.888s] -- Looking for ignition-math6 -- found version 6.15.0
[1.894s] -- Checking for module 'tinyxml2'
[1.948s] --   Found tinyxml2, version 9.0.0
[2.115s] -- Looking for ignition-msgs5 -- found version 5.8.1
[2.115s] -- Looking for ignition-common3 -- found version 3.14.0
[2.115s] -- Searching for dependencies of ignition-common3
[2.115s] -- Looking for dlfcn.h - found
[2.115s] -- Looking for libdl - found
[2.147s] -- Searching for <ignition-common3> component [graphics]
[2.147s] -- Looking for ignition-common3-graphics -- found version 3.14.0
[2.148s] -- Searching for dependencies of ignition-common3-graphics
[2.148s] -- Looking for ignition-math6 -- found version 6.15.0
[2.148s] -- Looking for ignition-fuel_tools4 -- found version 4.4.0
[2.148s] -- Searching for dependencies of ignition-fuel_tools4
[2.301s] -- Checking for module 'jsoncpp'
[2.388s] --   Found jsoncpp, version 1.9.5
[2.736s] -- Checking for module 'libzip'
[2.851s] --   Found libzip, version 1.7.3
[3.194s] -- Looking for ignition-common3 -- found version 3.14.0
[3.194s] -- Looking for ignition-math6 -- found version 6.15.0
[3.194s] -- Looking for ignition-msgs5 -- found version 5.8.1
[3.194s] -- Found gazebo_ros_pkgs: 3.7.0 (/opt/ros/humble/share/gazebo_ros_pkgs/cmake)
[3.194s] -- Found geometry_msgs: 4.2.3 (/opt/ros/humble/share/geometry_msgs/cmake)
[3.238s] -- Found rosidl_generator_c: 3.1.5 (/opt/ros/humble/share/rosidl_generator_c/cmake)
[3.238s] -- Found rosidl_adapter: 3.1.5 (/opt/ros/humble/share/rosidl_adapter/cmake)
[3.267s] -- Found rosidl_generator_cpp: 3.1.5 (/opt/ros/humble/share/rosidl_generator_cpp/cmake)
[3.285s] -- Using all available rosidl_typesupport_c: rosidl_typesupport_fastrtps_c;rosidl_typesupport_introspection_c
[3.341s] -- Using all available rosidl_typesupport_cpp: rosidl_typesupport_fastrtps_cpp;rosidl_typesupport_introspection_cpp
[3.651s] -- Found nav_msgs: 4.2.3 (/opt/ros/humble/share/nav_msgs/cmake)
[3.900s] -- Found rclcpp: 16.0.6 (/opt/ros/humble/share/rclcpp/cmake)
[3.974s] -- Found rmw_implementation_cmake: 6.1.1 (/opt/ros/humble/share/rmw_implementation_cmake/cmake)
[3.974s] -- Found rmw_fastrtps_cpp: 6.2.4 (/opt/ros/humble/share/rmw_fastrtps_cpp/cmake)
[4.241s] -- Using RMW implementation 'rmw_fastrtps_cpp' as default
[4.458s] -- Found sensor_msgs: 4.2.3 (/opt/ros/humble/share/sensor_msgs/cmake)
[4.534s] -- Found tf2: 0.25.4 (/opt/ros/humble/share/tf2/cmake)
[4.616s] -- Configuring done
[4.639s] -- Generating done
[4.641s] -- Build files have been written to: /home/reuben/ros2_ws/build/turtlebot3_gazebo
[5.479s] Invoked command in '/home/reuben/ros2_ws/build/turtlebot3_gazebo' returned '0': CMAKE_PREFIX_PATH=${CMAKE_PREFIX_PATH}:/home/reuben/ros2_ws/install/rse2108_ass:/home/reuben/ros2_ws/install/mark_1:/home/reuben/ros2_ws/install/launch_testing_examples:/home/reuben/ros2_ws/install/examples_rclpy_pointcloud_publisher:/home/reuben/ros2_ws/install/examples_rclpy_minimal_subscriber:/home/reuben/ros2_ws/install/examples_rclpy_minimal_service:/home/reuben/ros2_ws/install/examples_rclpy_minimal_publisher:/home/reuben/ros2_ws/install/examples_rclpy_minimal_client:/home/reuben/ros2_ws/install/examples_rclpy_minimal_action_server:/home/reuben/ros2_ws/install/examples_rclpy_minimal_action_client:/home/reuben/ros2_ws/install/examples_rclpy_guard_conditions:/home/reuben/ros2_ws/install/examples_rclpy_executors:/opt/ros/humble /usr/bin/cmake /home/reuben/ros2_ws/src/turtlebot3_simulations/turtlebot3_gazebo -DAMENT_CMAKE_SYMLINK_INSTALL=1 -DCMAKE_INSTALL_PREFIX=/home/reuben/ros2_ws/install/turtlebot3_gazebo
[5.482s] Invoking command in '/home/reuben/ros2_ws/build/turtlebot3_gazebo': CMAKE_PREFIX_PATH=${CMAKE_PREFIX_PATH}:/home/reuben/ros2_ws/install/rse2108_ass:/home/reuben/ros2_ws/install/mark_1:/home/reuben/ros2_ws/install/launch_testing_examples:/home/reuben/ros2_ws/install/examples_rclpy_pointcloud_publisher:/home/reuben/ros2_ws/install/examples_rclpy_minimal_subscriber:/home/reuben/ros2_ws/install/examples_rclpy_minimal_service:/home/reuben/ros2_ws/install/examples_rclpy_minimal_publisher:/home/reuben/ros2_ws/install/examples_rclpy_minimal_client:/home/reuben/ros2_ws/install/examples_rclpy_minimal_action_server:/home/reuben/ros2_ws/install/examples_rclpy_minimal_action_client:/home/reuben/ros2_ws/install/examples_rclpy_guard_conditions:/home/reuben/ros2_ws/install/examples_rclpy_executors:/opt/ros/humble /usr/bin/cmake --build /home/reuben/ros2_ws/build/turtlebot3_gazebo -- -j16 -l16
[5.512s] [35m[1mConsolidate compiler generated dependencies of target turtlebot3_drive[0m
[5.523s] [ 12%] [32m[1mLinking CXX executable turtlebot3_drive[0m
[5.934s] [ 25%] Built target turtlebot3_drive
[5.943s] [35m[1mConsolidate compiler generated dependencies of target obstacles[0m
[5.971s] [ 50%] Built target obstacles
[5.979s] [35m[1mConsolidate compiler generated dependencies of target obstacle2[0m
[6.003s] [ 75%] Built target obstacle2
[6.014s] [35m[1mConsolidate compiler generated dependencies of target obstacle1[0m
[6.043s] [100%] Built target obstacle1
[6.517s] Invoked command in '/home/reuben/ros2_ws/build/turtlebot3_gazebo' returned '0': CMAKE_PREFIX_PATH=${CMAKE_PREFIX_PATH}:/home/reuben/ros2_ws/install/rse2108_ass:/home/reuben/ros2_ws/install/mark_1:/home/reuben/ros2_ws/install/launch_testing_examples:/home/reuben/ros2_ws/install/examples_rclpy_pointcloud_publisher:/home/reuben/ros2_ws/install/examples_rclpy_minimal_subscriber:/home/reuben/ros2_ws/install/examples_rclpy_minimal_service:/home/reuben/ros2_ws/install/examples_rclpy_minimal_publisher:/home/reuben/ros2_ws/install/examples_rclpy_minimal_client:/home/reuben/ros2_ws/install/examples_rclpy_minimal_action_server:/home/reuben/ros2_ws/install/examples_rclpy_minimal_action_client:/home/reuben/ros2_ws/install/examples_rclpy_guard_conditions:/home/reuben/ros2_ws/install/examples_rclpy_executors:/opt/ros/humble /usr/bin/cmake --build /home/reuben/ros2_ws/build/turtlebot3_gazebo -- -j16 -l16
[8.377s] Invoking command in '/home/reuben/ros2_ws/build/turtlebot3_gazebo': CMAKE_PREFIX_PATH=${CMAKE_PREFIX_PATH}:/home/reuben/ros2_ws/install/rse2108_ass:/home/reuben/ros2_ws/install/mark_1:/home/reuben/ros2_ws/install/launch_testing_examples:/home/reuben/ros2_ws/install/examples_rclpy_pointcloud_publisher:/home/reuben/ros2_ws/install/examples_rclpy_minimal_subscriber:/home/reuben/ros2_ws/install/examples_rclpy_minimal_service:/home/reuben/ros2_ws/install/examples_rclpy_minimal_publisher:/home/reuben/ros2_ws/install/examples_rclpy_minimal_client:/home/reuben/ros2_ws/install/examples_rclpy_minimal_action_server:/home/reuben/ros2_ws/install/examples_rclpy_minimal_action_client:/home/reuben/ros2_ws/install/examples_rclpy_guard_conditions:/home/reuben/ros2_ws/install/examples_rclpy_executors:/opt/ros/humble /usr/bin/cmake --install /home/reuben/ros2_ws/build/turtlebot3_gazebo
[8.578s] -- Install configuration: ""
[8.579s] -- Execute custom install script
[8.579s] -- Symlinking: /home/reuben/ros2_ws/install/turtlebot3_gazebo/lib/turtlebot3_gazebo/turtlebot3_drive
[8.579s] -- Symlinking: /home/reuben/ros2_ws/install/turtlebot3_gazebo/share/turtlebot3_gazebo//launch/5x5_maze.launch.py
[8.579s] -- Symlinking: /home/reuben/ros2_ws/install/turtlebot3_gazebo/share/turtlebot3_gazebo//launch/5x5_maze.py
[8.579s] -- Symlinking: /home/reuben/ros2_ws/install/turtlebot3_gazebo/share/turtlebot3_gazebo//launch/assmaze.launch.py
[8.579s] -- Symlinking: /home/reuben/ros2_ws/install/turtlebot3_gazebo/share/turtlebot3_gazebo//launch/assmaze2.launch.py
[8.579s] -- Symlinking: /home/reuben/ros2_ws/install/turtlebot3_gazebo/share/turtlebot3_gazebo//launch/assmaze3.launch.py
[8.579s] -- Symlinking: /home/reuben/ros2_ws/install/turtlebot3_gazebo/share/turtlebot3_gazebo//launch/empty_world.launch.py
[8.579s] -- Symlinking: /home/reuben/ros2_ws/install/turtlebot3_gazebo/share/turtlebot3_gazebo//launch/robot_state_publisher.launch.py
[8.580s] -- Symlinking: /home/reuben/ros2_ws/install/turtlebot3_gazebo/share/turtlebot3_gazebo//launch/simplemaze.launch.py
[8.580s] -- Symlinking: /home/reuben/ros2_ws/install/turtlebot3_gazebo/share/turtlebot3_gazebo//launch/simplemaze2.launch.py
[8.580s] -- Symlinking: /home/reuben/ros2_ws/install/turtlebot3_gazebo/share/turtlebot3_gazebo//launch/spawn_turtlebot3.launch.py
[8.580s] -- Symlinking: /home/reuben/ros2_ws/install/turtlebot3_gazebo/share/turtlebot3_gazebo//launch/turtlebot3_dqn_stage1.launch.py
[8.580s] -- Symlinking: /home/reuben/ros2_ws/install/turtlebot3_gazebo/share/turtlebot3_gazebo//launch/turtlebot3_dqn_stage2.launch.py
[8.580s] -- Symlinking: /home/reuben/ros2_ws/install/turtlebot3_gazebo/share/turtlebot3_gazebo//launch/turtlebot3_dqn_stage3.launch.py
[8.580s] -- Symlinking: /home/reuben/ros2_ws/install/turtlebot3_gazebo/share/turtlebot3_gazebo//launch/turtlebot3_dqn_stage4.launch.py
[8.580s] -- Symlinking: /home/reuben/ros2_ws/install/turtlebot3_gazebo/share/turtlebot3_gazebo//launch/turtlebot3_house.launch.py
[8.580s] -- Symlinking: /home/reuben/ros2_ws/install/turtlebot3_gazebo/share/turtlebot3_gazebo//launch/turtlebot3_world.launch.py
[8.580s] -- Symlinking: /home/reuben/ros2_ws/install/turtlebot3_gazebo/share/turtlebot3_gazebo//models/5x5_maze/model.config
[8.580s] -- Symlinking: /home/reuben/ros2_ws/install/turtlebot3_gazebo/share/turtlebot3_gazebo//models/5x5_maze/model.sdf
[8.580s] -- Symlinking: /home/reuben/ros2_ws/install/turtlebot3_gazebo/share/turtlebot3_gazebo//models/assmaze/model.config
[8.580s] -- Symlinking: /home/reuben/ros2_ws/install/turtlebot3_gazebo/share/turtlebot3_gazebo//models/assmaze/model.sdf
[8.580s] -- Symlinking: /home/reuben/ros2_ws/install/turtlebot3_gazebo/share/turtlebot3_gazebo//models/assmaze2/model.config
[8.581s] -- Symlinking: /home/reuben/ros2_ws/install/turtlebot3_gazebo/share/turtlebot3_gazebo//models/assmaze2/model.sdf
[8.581s] -- Symlinking: /home/reuben/ros2_ws/install/turtlebot3_gazebo/share/turtlebot3_gazebo//models/assmaze3/model.config
[8.581s] -- Symlinking: /home/reuben/ros2_ws/install/turtlebot3_gazebo/share/turtlebot3_gazebo//models/assmaze3/model.sdf
[8.581s] -- Symlinking: /home/reuben/ros2_ws/install/turtlebot3_gazebo/share/turtlebot3_gazebo//models/simplemaze/model.config
[8.581s] -- Symlinking: /home/reuben/ros2_ws/install/turtlebot3_gazebo/share/turtlebot3_gazebo//models/simplemaze/model.sdf
[8.581s] -- Symlinking: /home/reuben/ros2_ws/install/turtlebot3_gazebo/share/turtlebot3_gazebo//models/simplemaze2/model.config
[8.581s] -- Symlinking: /home/reuben/ros2_ws/install/turtlebot3_gazebo/share/turtlebot3_gazebo//models/simplemaze2/model.sdf
[8.581s] -- Symlinking: /home/reuben/ros2_ws/install/turtlebot3_gazebo/share/turtlebot3_gazebo//models/turtlebot3_burger/model-1_4.sdf
[8.581s] -- Symlinking: /home/reuben/ros2_ws/install/turtlebot3_gazebo/share/turtlebot3_gazebo//models/turtlebot3_burger/model.config
[8.581s] -- Symlinking: /home/reuben/ros2_ws/install/turtlebot3_gazebo/share/turtlebot3_gazebo//models/turtlebot3_burger/model.sdf
[8.581s] -- Symlinking: /home/reuben/ros2_ws/install/turtlebot3_gazebo/share/turtlebot3_gazebo//models/turtlebot3_common/meshes/burger_base.dae
[8.584s] -- Symlinking: /home/reuben/ros2_ws/install/turtlebot3_gazebo/share/turtlebot3_gazebo//models/turtlebot3_common/meshes/lds.dae
[8.591s] -- Symlinking: /home/reuben/ros2_ws/install/turtlebot3_gazebo/share/turtlebot3_gazebo//models/turtlebot3_common/meshes/r200.dae
[8.597s] -- Symlinking: /home/reuben/ros2_ws/install/turtlebot3_gazebo/share/turtlebot3_gazebo//models/turtlebot3_common/meshes/tire.dae
[8.603s] -- Symlinking: /home/reuben/ros2_ws/install/turtlebot3_gazebo/share/turtlebot3_gazebo//models/turtlebot3_common/meshes/waffle_base.dae
[8.609s] -- Symlinking: /home/reuben/ros2_ws/install/turtlebot3_gazebo/share/turtlebot3_gazebo//models/turtlebot3_common/meshes/waffle_pi_base.dae
[8.615s] -- Symlinking: /home/reuben/ros2_ws/install/turtlebot3_gazebo/share/turtlebot3_gazebo//models/turtlebot3_common/model.config
[8.621s] -- Symlinking: /home/reuben/ros2_ws/install/turtlebot3_gazebo/share/turtlebot3_gazebo//models/turtlebot3_dqn_world/goal_box/model.config
[8.627s] -- Symlinking: /home/reuben/ros2_ws/install/turtlebot3_gazebo/share/turtlebot3_gazebo//models/turtlebot3_dqn_world/goal_box/model.sdf
[8.633s] -- Symlinking: /home/reuben/ros2_ws/install/turtlebot3_gazebo/share/turtlebot3_gazebo//models/turtlebot3_dqn_world/inner_walls/model.config
[8.640s] -- Symlinking: /home/reuben/ros2_ws/install/turtlebot3_gazebo/share/turtlebot3_gazebo//models/turtlebot3_dqn_world/inner_walls/model.sdf
[8.646s] -- Symlinking: /home/reuben/ros2_ws/install/turtlebot3_gazebo/share/turtlebot3_gazebo//models/turtlebot3_dqn_world/model.config
[8.653s] -- Symlinking: /home/reuben/ros2_ws/install/turtlebot3_gazebo/share/turtlebot3_gazebo//models/turtlebot3_dqn_world/model.sdf
[8.659s] -- Symlinking: /home/reuben/ros2_ws/install/turtlebot3_gazebo/share/turtlebot3_gazebo//models/turtlebot3_dqn_world/obstacle1/model.config
[8.666s] -- Symlinking: /home/reuben/ros2_ws/install/turtlebot3_gazebo/share/turtlebot3_gazebo//models/turtlebot3_dqn_world/obstacle1/model.sdf
[8.672s] -- Symlinking: /home/reuben/ros2_ws/install/turtlebot3_gazebo/share/turtlebot3_gazebo//models/turtlebot3_dqn_world/obstacle2/model.config
[8.679s] -- Symlinking: /home/reuben/ros2_ws/install/turtlebot3_gazebo/share/turtlebot3_gazebo//models/turtlebot3_dqn_world/obstacle2/model.sdf
[8.685s] -- Symlinking: /home/reuben/ros2_ws/install/turtlebot3_gazebo/share/turtlebot3_gazebo//models/turtlebot3_dqn_world/obstacle_plugin/CMakeLists.txt
[8.691s] -- Symlinking: /home/reuben/ros2_ws/install/turtlebot3_gazebo/share/turtlebot3_gazebo//models/turtlebot3_dqn_world/obstacle_plugin/obstacle1.cc
[8.698s] -- Symlinking: /home/reuben/ros2_ws/install/turtlebot3_gazebo/share/turtlebot3_gazebo//models/turtlebot3_dqn_world/obstacle_plugin/obstacle2.cc
[8.705s] -- Symlinking: /home/reuben/ros2_ws/install/turtlebot3_gazebo/share/turtlebot3_gazebo//models/turtlebot3_dqn_world/obstacle_plugin/obstacles.cc
[8.711s] -- Symlinking: /home/reuben/ros2_ws/install/turtlebot3_gazebo/share/turtlebot3_gazebo//models/turtlebot3_dqn_world/obstacles/model.config
[8.717s] -- Symlinking: /home/reuben/ros2_ws/install/turtlebot3_gazebo/share/turtlebot3_gazebo//models/turtlebot3_dqn_world/obstacles/model.sdf
[8.723s] -- Symlinking: /home/reuben/ros2_ws/install/turtlebot3_gazebo/share/turtlebot3_gazebo//models/turtlebot3_house/model.config
[8.730s] -- Symlinking: /home/reuben/ros2_ws/install/turtlebot3_gazebo/share/turtlebot3_gazebo//models/turtlebot3_house/model.sdf
[8.736s] -- Symlinking: /home/reuben/ros2_ws/install/turtlebot3_gazebo/share/turtlebot3_gazebo//models/turtlebot3_waffle/model-1_4.sdf
[8.742s] -- Symlinking: /home/reuben/ros2_ws/install/turtlebot3_gazebo/share/turtlebot3_gazebo//models/turtlebot3_waffle/model.config
[8.749s] -- Symlinking: /home/reuben/ros2_ws/install/turtlebot3_gazebo/share/turtlebot3_gazebo//models/turtlebot3_waffle/model.sdf
[8.755s] -- Symlinking: /home/reuben/ros2_ws/install/turtlebot3_gazebo/share/turtlebot3_gazebo//models/turtlebot3_waffle_pi/model-1_4_.sdf
[8.762s] -- Symlinking: /home/reuben/ros2_ws/install/turtlebot3_gazebo/share/turtlebot3_gazebo//models/turtlebot3_waffle_pi/model.config
[8.768s] -- Symlinking: /home/reuben/ros2_ws/install/turtlebot3_gazebo/share/turtlebot3_gazebo//models/turtlebot3_waffle_pi/model.sdf
[8.774s] -- Symlinking: /home/reuben/ros2_ws/install/turtlebot3_gazebo/share/turtlebot3_gazebo//models/turtlebot3_world/meshes/hexagon.dae
[8.780s] -- Symlinking: /home/reuben/ros2_ws/install/turtlebot3_gazebo/share/turtlebot3_gazebo//models/turtlebot3_world/meshes/wall.dae
[8.787s] -- Symlinking: /home/reuben/ros2_ws/install/turtlebot3_gazebo/share/turtlebot3_gazebo//models/turtlebot3_world/model-1_4.sdf
[8.793s] -- Symlinking: /home/reuben/ros2_ws/install/turtlebot3_gazebo/share/turtlebot3_gazebo//models/turtlebot3_world/model.config
[8.799s] -- Symlinking: /home/reuben/ros2_ws/install/turtlebot3_gazebo/share/turtlebot3_gazebo//models/turtlebot3_world/model.sdf
[8.806s] -- Symlinking: /home/reuben/ros2_ws/install/turtlebot3_gazebo/share/turtlebot3_gazebo//rviz/tb3_gazebo.rviz
[8.813s] -- Symlinking: /home/reuben/ros2_ws/install/turtlebot3_gazebo/share/turtlebot3_gazebo//urdf/common_properties.urdf
[8.819s] -- Symlinking: /home/reuben/ros2_ws/install/turtlebot3_gazebo/share/turtlebot3_gazebo//urdf/turtlebot3_burger.urdf
[8.826s] -- Symlinking: /home/reuben/ros2_ws/install/turtlebot3_gazebo/share/turtlebot3_gazebo//urdf/turtlebot3_waffle.urdf
[8.833s] -- Symlinking: /home/reuben/ros2_ws/install/turtlebot3_gazebo/share/turtlebot3_gazebo//urdf/turtlebot3_waffle_pi.urdf
[8.840s] -- Symlinking: /home/reuben/ros2_ws/install/turtlebot3_gazebo/share/turtlebot3_gazebo//worlds/5x5_maze.world
[8.847s] -- Symlinking: /home/reuben/ros2_ws/install/turtlebot3_gazebo/share/turtlebot3_gazebo//worlds/assmaze.world
[8.853s] -- Symlinking: /home/reuben/ros2_ws/install/turtlebot3_gazebo/share/turtlebot3_gazebo//worlds/assmaze2.world
[8.860s] -- Symlinking: /home/reuben/ros2_ws/install/turtlebot3_gazebo/share/turtlebot3_gazebo//worlds/assmaze3.world
[8.866s] -- Symlinking: /home/reuben/ros2_ws/install/turtlebot3_gazebo/share/turtlebot3_gazebo//worlds/empty_world.world
[8.873s] -- Symlinking: /home/reuben/ros2_ws/install/turtlebot3_gazebo/share/turtlebot3_gazebo//worlds/simplemaze.world
[8.881s] -- Symlinking: /home/reuben/ros2_ws/install/turtlebot3_gazebo/share/turtlebot3_gazebo//worlds/simplemaze2.world
[8.889s] -- Symlinking: /home/reuben/ros2_ws/install/turtlebot3_gazebo/share/turtlebot3_gazebo//worlds/turtlebot3_dqn_stage1.world
[8.898s] -- Symlinking: /home/reuben/ros2_ws/install/turtlebot3_gazebo/share/turtlebot3_gazebo//worlds/turtlebot3_dqn_stage2.world
[8.906s] -- Symlinking: /home/reuben/ros2_ws/install/turtlebot3_gazebo/share/turtlebot3_gazebo//worlds/turtlebot3_dqn_stage3.world
[8.913s] -- Symlinking: /home/reuben/ros2_ws/install/turtlebot3_gazebo/share/turtlebot3_gazebo//worlds/turtlebot3_dqn_stage4.world
[8.921s] -- Symlinking: /home/reuben/ros2_ws/install/turtlebot3_gazebo/share/turtlebot3_gazebo//worlds/turtlebot3_house.world
[8.928s] -- Symlinking: /home/reuben/ros2_ws/install/turtlebot3_gazebo/share/turtlebot3_gazebo//worlds/turtlebot3_world.world
[8.934s] -- Symlinking: /home/reuben/ros2_ws/install/turtlebot3_gazebo/include//turtlebot3_gazebo/turtlebot3_drive.hpp
[8.940s] -- Symlinking: /home/reuben/ros2_ws/install/turtlebot3_gazebo/share/ament_index/resource_index/package_run_dependencies/turtlebot3_gazebo
[8.946s] -- Symlinking: /home/reuben/ros2_ws/install/turtlebot3_gazebo/share/ament_index/resource_index/parent_prefix_path/turtlebot3_gazebo
[8.952s] -- Symlinking: /home/reuben/ros2_ws/install/turtlebot3_gazebo/share/turtlebot3_gazebo/environment/ament_prefix_path.sh
[8.958s] -- Symlinking: /home/reuben/ros2_ws/install/turtlebot3_gazebo/share/turtlebot3_gazebo/environment/ament_prefix_path.dsv
[8.964s] -- Symlinking: /home/reuben/ros2_ws/install/turtlebot3_gazebo/share/turtlebot3_gazebo/environment/path.sh
[8.970s] -- Symlinking: /home/reuben/ros2_ws/install/turtlebot3_gazebo/share/turtlebot3_gazebo/environment/path.dsv
[8.977s] -- Symlinking: /home/reuben/ros2_ws/install/turtlebot3_gazebo/share/turtlebot3_gazebo/local_setup.bash
[8.983s] -- Symlinking: /home/reuben/ros2_ws/install/turtlebot3_gazebo/share/turtlebot3_gazebo/local_setup.sh
[8.990s] -- Symlinking: /home/reuben/ros2_ws/install/turtlebot3_gazebo/share/turtlebot3_gazebo/local_setup.zsh
[8.996s] -- Symlinking: /home/reuben/ros2_ws/install/turtlebot3_gazebo/share/turtlebot3_gazebo/local_setup.dsv
[9.002s] -- Symlinking: /home/reuben/ros2_ws/install/turtlebot3_gazebo/share/turtlebot3_gazebo/package.dsv
[9.008s] -- Symlinking: /home/reuben/ros2_ws/install/turtlebot3_gazebo/share/ament_index/resource_index/packages/turtlebot3_gazebo
[9.014s] -- Symlinking: /home/reuben/ros2_ws/install/turtlebot3_gazebo/share/turtlebot3_gazebo/cmake/ament_cmake_export_include_directories-extras.cmake
[9.020s] -- Symlinking: /home/reuben/ros2_ws/install/turtlebot3_gazebo/share/turtlebot3_gazebo/cmake/ament_cmake_export_dependencies-extras.cmake
[9.026s] -- Symlinking: /home/reuben/ros2_ws/install/turtlebot3_gazebo/share/turtlebot3_gazebo/cmake/turtlebot3_gazeboConfig.cmake
[9.033s] -- Symlinking: /home/reuben/ros2_ws/install/turtlebot3_gazebo/share/turtlebot3_gazebo/cmake/turtlebot3_gazeboConfig-version.cmake
[9.039s] -- Symlinking: /home/reuben/ros2_ws/install/turtlebot3_gazebo/share/turtlebot3_gazebo/package.xml
[9.820s] Invoked command in '/home/reuben/ros2_ws/build/turtlebot3_gazebo' returned '0': CMAKE_PREFIX_PATH=${CMAKE_PREFIX_PATH}:/home/reuben/ros2_ws/install/rse2108_ass:/home/reuben/ros2_ws/install/mark_1:/home/reuben/ros2_ws/install/launch_testing_examples:/home/reuben/ros2_ws/install/examples_rclpy_pointcloud_publisher:/home/reuben/ros2_ws/install/examples_rclpy_minimal_subscriber:/home/reuben/ros2_ws/install/examples_rclpy_minimal_service:/home/reuben/ros2_ws/install/examples_rclpy_minimal_publisher:/home/reuben/ros2_ws/install/examples_rclpy_minimal_client:/home/reuben/ros2_ws/install/examples_rclpy_minimal_action_server:/home/reuben/ros2_ws/install/examples_rclpy_minimal_action_client:/home/reuben/ros2_ws/install/examples_rclpy_guard_conditions:/home/reuben/ros2_ws/install/examples_rclpy_executors:/opt/ros/humble /usr/bin/cmake --install /home/reuben/ros2_ws/build/turtlebot3_gazebo
