-- Found ament_cmake: 1.3.5 (/opt/ros/humble/share/ament_cmake/cmake)
-- Override CMake install command with custom implementation using symlinks instead of copying resources
-- Found ament_lint_auto: 0.12.8 (/opt/ros/humble/share/ament_lint_auto/cmake)
-- Added test 'cppcheck' to perform static code analysis on C / C++ code
-- Configured cppcheck include dirs: 
-- Configured cppcheck exclude dirs and/or files: 
-- Added test 'lint_cmake' to check CMake code style
-- Added test 'uncrustify' to check C / C++ code style
-- Configured uncrustify additional arguments: 
-- Added test 'xmllint' to check XML markup files
-- Configuring done
-- Generating done
-- Build files have been written to: /home/reuben/ros2_ws/build/cpp_pubsub
-- Install configuration: ""
-- Execute custom install script
-- Symlinking: /home/reuben/ros2_ws/install/cpp_pubsub/share/ament_index/resource_index/package_run_dependencies/cpp_pubsub
-- Symlinking: /home/reuben/ros2_ws/install/cpp_pubsub/share/ament_index/resource_index/parent_prefix_path/cpp_pubsub
-- Symlinking: /home/reuben/ros2_ws/install/cpp_pubsub/share/cpp_pubsub/environment/ament_prefix_path.sh
-- Symlinking: /home/reuben/ros2_ws/install/cpp_pubsub/share/cpp_pubsub/environment/ament_prefix_path.dsv
-- Symlinking: /home/reuben/ros2_ws/install/cpp_pubsub/share/cpp_pubsub/environment/path.sh
-- Symlinking: /home/reuben/ros2_ws/install/cpp_pubsub/share/cpp_pubsub/environment/path.dsv
-- Symlinking: /home/reuben/ros2_ws/install/cpp_pubsub/share/cpp_pubsub/local_setup.bash
-- Symlinking: /home/reuben/ros2_ws/install/cpp_pubsub/share/cpp_pubsub/local_setup.sh
-- Symlinking: /home/reuben/ros2_ws/install/cpp_pubsub/share/cpp_pubsub/local_setup.zsh
-- Symlinking: /home/reuben/ros2_ws/install/cpp_pubsub/share/cpp_pubsub/local_setup.dsv
-- Symlinking: /home/reuben/ros2_ws/install/cpp_pubsub/share/cpp_pubsub/package.dsv
-- Symlinking: /home/reuben/ros2_ws/install/cpp_pubsub/share/ament_index/resource_index/packages/cpp_pubsub
-- Symlinking: /home/reuben/ros2_ws/install/cpp_pubsub/share/cpp_pubsub/cmake/cpp_pubsubConfig.cmake
-- Symlinking: /home/reuben/ros2_ws/install/cpp_pubsub/share/cpp_pubsub/cmake/cpp_pubsubConfig-version.cmake
-- Symlinking: /home/reuben/ros2_ws/install/cpp_pubsub/share/cpp_pubsub/package.xml
