[0.366s] Invoking command in '/home/reuben/ros2_ws/build/examples_rclcpp_minimal_service': CMAKE_PREFIX_PATH=${CMAKE_PREFIX_PATH}:/home/reuben/ros2_ws/install/rse2108_ass:/home/reuben/ros2_ws/install/mark_1:/home/reuben/ros2_ws/install/launch_testing_examples:/home/reuben/ros2_ws/install/examples_rclpy_pointcloud_publisher:/home/reuben/ros2_ws/install/examples_rclpy_minimal_subscriber:/home/reuben/ros2_ws/install/examples_rclpy_minimal_service:/home/reuben/ros2_ws/install/examples_rclpy_minimal_publisher:/home/reuben/ros2_ws/install/examples_rclpy_minimal_client:/home/reuben/ros2_ws/install/examples_rclpy_minimal_action_server:/home/reuben/ros2_ws/install/examples_rclpy_minimal_action_client:/home/reuben/ros2_ws/install/examples_rclpy_guard_conditions:/home/reuben/ros2_ws/install/examples_rclpy_executors:/opt/ros/humble /usr/bin/cmake /home/reuben/ros2_ws/src/src/examples/rclcpp/services/minimal_service -DAMENT_CMAKE_SYMLINK_INSTALL=1 -DCMAKE_INSTALL_PREFIX=/home/reuben/ros2_ws/install/examples_rclcpp_minimal_service
[0.946s] -- Found ament_cmake: 1.3.5 (/opt/ros/humble/share/ament_cmake/cmake)
[0.946s] -- Override CMake install command with custom implementation using symlinks instead of copying resources
[0.946s] -- Found example_interfaces: 0.9.3 (/opt/ros/humble/share/example_interfaces/cmake)
[0.946s] -- Found rosidl_generator_c: 3.1.5 (/opt/ros/humble/share/rosidl_generator_c/cmake)
[0.946s] -- Found rosidl_adapter: 3.1.5 (/opt/ros/humble/share/rosidl_adapter/cmake)
[0.946s] -- Found rosidl_generator_cpp: 3.1.5 (/opt/ros/humble/share/rosidl_generator_cpp/cmake)
[0.946s] -- Using all available rosidl_typesupport_c: rosidl_typesupport_fastrtps_c;rosidl_typesupport_introspection_c
[0.946s] -- Using all available rosidl_typesupport_cpp: rosidl_typesupport_fastrtps_cpp;rosidl_typesupport_introspection_cpp
[0.946s] -- Found rclcpp: 16.0.6 (/opt/ros/humble/share/rclcpp/cmake)
[0.983s] -- Found rmw_implementation_cmake: 6.1.1 (/opt/ros/humble/share/rmw_implementation_cmake/cmake)
[0.986s] -- Found rmw_fastrtps_cpp: 6.2.4 (/opt/ros/humble/share/rmw_fastrtps_cpp/cmake)
[1.171s] -- Using RMW implementation 'rmw_fastrtps_cpp' as default
[1.389s] -- Found ament_lint_auto: 0.12.8 (/opt/ros/humble/share/ament_lint_auto/cmake)
[1.563s] -- Added test 'copyright' to check source files copyright and LICENSE
[1.563s] -- Added test 'cppcheck' to perform static code analysis on C / C++ code
[1.563s] -- Configured cppcheck include dirs: 
[1.563s] -- Configured cppcheck exclude dirs and/or files: 
[1.564s] -- Added test 'cpplint' to check C / C++ code against the Google style
[1.564s] -- Configured cpplint exclude dirs and/or files: 
[1.564s] -- Added test 'lint_cmake' to check CMake code style
[1.564s] -- Added test 'uncrustify' to check C / C++ code style
[1.565s] -- Configured uncrustify additional arguments: 
[1.565s] -- Added test 'xmllint' to check XML markup files
[1.565s] -- Configuring done
[1.609s] -- Generating done
[1.609s] -- Build files have been written to: /home/reuben/ros2_ws/build/examples_rclcpp_minimal_service
[1.721s] Invoked command in '/home/reuben/ros2_ws/build/examples_rclcpp_minimal_service' returned '0': CMAKE_PREFIX_PATH=${CMAKE_PREFIX_PATH}:/home/reuben/ros2_ws/install/rse2108_ass:/home/reuben/ros2_ws/install/mark_1:/home/reuben/ros2_ws/install/launch_testing_examples:/home/reuben/ros2_ws/install/examples_rclpy_pointcloud_publisher:/home/reuben/ros2_ws/install/examples_rclpy_minimal_subscriber:/home/reuben/ros2_ws/install/examples_rclpy_minimal_service:/home/reuben/ros2_ws/install/examples_rclpy_minimal_publisher:/home/reuben/ros2_ws/install/examples_rclpy_minimal_client:/home/reuben/ros2_ws/install/examples_rclpy_minimal_action_server:/home/reuben/ros2_ws/install/examples_rclpy_minimal_action_client:/home/reuben/ros2_ws/install/examples_rclpy_guard_conditions:/home/reuben/ros2_ws/install/examples_rclpy_executors:/opt/ros/humble /usr/bin/cmake /home/reuben/ros2_ws/src/src/examples/rclcpp/services/minimal_service -DAMENT_CMAKE_SYMLINK_INSTALL=1 -DCMAKE_INSTALL_PREFIX=/home/reuben/ros2_ws/install/examples_rclcpp_minimal_service
[1.722s] Invoking command in '/home/reuben/ros2_ws/build/examples_rclcpp_minimal_service': CMAKE_PREFIX_PATH=${CMAKE_PREFIX_PATH}:/home/reuben/ros2_ws/install/rse2108_ass:/home/reuben/ros2_ws/install/mark_1:/home/reuben/ros2_ws/install/launch_testing_examples:/home/reuben/ros2_ws/install/examples_rclpy_pointcloud_publisher:/home/reuben/ros2_ws/install/examples_rclpy_minimal_subscriber:/home/reuben/ros2_ws/install/examples_rclpy_minimal_service:/home/reuben/ros2_ws/install/examples_rclpy_minimal_publisher:/home/reuben/ros2_ws/install/examples_rclpy_minimal_client:/home/reuben/ros2_ws/install/examples_rclpy_minimal_action_server:/home/reuben/ros2_ws/install/examples_rclpy_minimal_action_client:/home/reuben/ros2_ws/install/examples_rclpy_guard_conditions:/home/reuben/ros2_ws/install/examples_rclpy_executors:/opt/ros/humble /usr/bin/cmake --build /home/reuben/ros2_ws/build/examples_rclcpp_minimal_service -- -j16 -l16
[2.325s] [35m[1mConsolidate compiler generated dependencies of target service_main[0m
[2.325s] [ 50%] [32m[1mLinking CXX executable service_main[0m
[2.734s] [100%] Built target service_main
[2.792s] Invoked command in '/home/reuben/ros2_ws/build/examples_rclcpp_minimal_service' returned '0': CMAKE_PREFIX_PATH=${CMAKE_PREFIX_PATH}:/home/reuben/ros2_ws/install/rse2108_ass:/home/reuben/ros2_ws/install/mark_1:/home/reuben/ros2_ws/install/launch_testing_examples:/home/reuben/ros2_ws/install/examples_rclpy_pointcloud_publisher:/home/reuben/ros2_ws/install/examples_rclpy_minimal_subscriber:/home/reuben/ros2_ws/install/examples_rclpy_minimal_service:/home/reuben/ros2_ws/install/examples_rclpy_minimal_publisher:/home/reuben/ros2_ws/install/examples_rclpy_minimal_client:/home/reuben/ros2_ws/install/examples_rclpy_minimal_action_server:/home/reuben/ros2_ws/install/examples_rclpy_minimal_action_client:/home/reuben/ros2_ws/install/examples_rclpy_guard_conditions:/home/reuben/ros2_ws/install/examples_rclpy_executors:/opt/ros/humble /usr/bin/cmake --build /home/reuben/ros2_ws/build/examples_rclcpp_minimal_service -- -j16 -l16
[3.633s] Invoking command in '/home/reuben/ros2_ws/build/examples_rclcpp_minimal_service': CMAKE_PREFIX_PATH=${CMAKE_PREFIX_PATH}:/home/reuben/ros2_ws/install/rse2108_ass:/home/reuben/ros2_ws/install/mark_1:/home/reuben/ros2_ws/install/launch_testing_examples:/home/reuben/ros2_ws/install/examples_rclpy_pointcloud_publisher:/home/reuben/ros2_ws/install/examples_rclpy_minimal_subscriber:/home/reuben/ros2_ws/install/examples_rclpy_minimal_service:/home/reuben/ros2_ws/install/examples_rclpy_minimal_publisher:/home/reuben/ros2_ws/install/examples_rclpy_minimal_client:/home/reuben/ros2_ws/install/examples_rclpy_minimal_action_server:/home/reuben/ros2_ws/install/examples_rclpy_minimal_action_client:/home/reuben/ros2_ws/install/examples_rclpy_guard_conditions:/home/reuben/ros2_ws/install/examples_rclpy_executors:/opt/ros/humble /usr/bin/cmake --install /home/reuben/ros2_ws/build/examples_rclcpp_minimal_service
[3.739s] -- Install configuration: ""
[3.740s] -- Execute custom install script
[3.740s] -- Symlinking: /home/reuben/ros2_ws/install/examples_rclcpp_minimal_service/lib/examples_rclcpp_minimal_service/service_main
[3.740s] -- Symlinking: /home/reuben/ros2_ws/install/examples_rclcpp_minimal_service/share/ament_index/resource_index/package_run_dependencies/examples_rclcpp_minimal_service
[3.740s] -- Symlinking: /home/reuben/ros2_ws/install/examples_rclcpp_minimal_service/share/ament_index/resource_index/parent_prefix_path/examples_rclcpp_minimal_service
[3.740s] -- Symlinking: /home/reuben/ros2_ws/install/examples_rclcpp_minimal_service/share/examples_rclcpp_minimal_service/environment/ament_prefix_path.sh
[3.741s] -- Symlinking: /home/reuben/ros2_ws/install/examples_rclcpp_minimal_service/share/examples_rclcpp_minimal_service/environment/ament_prefix_path.dsv
[3.749s] -- Symlinking: /home/reuben/ros2_ws/install/examples_rclcpp_minimal_service/share/examples_rclcpp_minimal_service/environment/path.sh
[3.758s] -- Symlinking: /home/reuben/ros2_ws/install/examples_rclcpp_minimal_service/share/examples_rclcpp_minimal_service/environment/path.dsv
[3.799s] -- Symlinking: /home/reuben/ros2_ws/install/examples_rclcpp_minimal_service/share/examples_rclcpp_minimal_service/local_setup.bash
[3.823s] -- Symlinking: /home/reuben/ros2_ws/install/examples_rclcpp_minimal_service/share/examples_rclcpp_minimal_service/local_setup.sh
[3.843s] -- Symlinking: /home/reuben/ros2_ws/install/examples_rclcpp_minimal_service/share/examples_rclcpp_minimal_service/local_setup.zsh
[3.851s] -- Symlinking: /home/reuben/ros2_ws/install/examples_rclcpp_minimal_service/share/examples_rclcpp_minimal_service/local_setup.dsv
[3.864s] -- Symlinking: /home/reuben/ros2_ws/install/examples_rclcpp_minimal_service/share/examples_rclcpp_minimal_service/package.dsv
[3.883s] -- Symlinking: /home/reuben/ros2_ws/install/examples_rclcpp_minimal_service/share/ament_index/resource_index/packages/examples_rclcpp_minimal_service
[3.892s] -- Symlinking: /home/reuben/ros2_ws/install/examples_rclcpp_minimal_service/share/examples_rclcpp_minimal_service/cmake/examples_rclcpp_minimal_serviceConfig.cmake
[3.902s] -- Symlinking: /home/reuben/ros2_ws/install/examples_rclcpp_minimal_service/share/examples_rclcpp_minimal_service/cmake/examples_rclcpp_minimal_serviceConfig-version.cmake
[3.912s] -- Symlinking: /home/reuben/ros2_ws/install/examples_rclcpp_minimal_service/share/examples_rclcpp_minimal_service/package.xml
[4.488s] Invoked command in '/home/reuben/ros2_ws/build/examples_rclcpp_minimal_service' returned '0': CMAKE_PREFIX_PATH=${CMAKE_PREFIX_PATH}:/home/reuben/ros2_ws/install/rse2108_ass:/home/reuben/ros2_ws/install/mark_1:/home/reuben/ros2_ws/install/launch_testing_examples:/home/reuben/ros2_ws/install/examples_rclpy_pointcloud_publisher:/home/reuben/ros2_ws/install/examples_rclpy_minimal_subscriber:/home/reuben/ros2_ws/install/examples_rclpy_minimal_service:/home/reuben/ros2_ws/install/examples_rclpy_minimal_publisher:/home/reuben/ros2_ws/install/examples_rclpy_minimal_client:/home/reuben/ros2_ws/install/examples_rclpy_minimal_action_server:/home/reuben/ros2_ws/install/examples_rclpy_minimal_action_client:/home/reuben/ros2_ws/install/examples_rclpy_guard_conditions:/home/reuben/ros2_ws/install/examples_rclpy_executors:/opt/ros/humble /usr/bin/cmake --install /home/reuben/ros2_ws/build/examples_rclcpp_minimal_service
