[0.582s] Invoking command in '/home/reuben/ros2_ws/build/my_package': CMAKE_PREFIX_PATH=${CMAKE_PREFIX_PATH}:/home/reuben/ros2_ws/install/rse2108_ass:/home/reuben/ros2_ws/install/mark_1:/home/reuben/ros2_ws/install/launch_testing_examples:/home/reuben/ros2_ws/install/examples_rclpy_pointcloud_publisher:/home/reuben/ros2_ws/install/examples_rclpy_minimal_subscriber:/home/reuben/ros2_ws/install/examples_rclpy_minimal_service:/home/reuben/ros2_ws/install/examples_rclpy_minimal_publisher:/home/reuben/ros2_ws/install/examples_rclpy_minimal_client:/home/reuben/ros2_ws/install/examples_rclpy_minimal_action_server:/home/reuben/ros2_ws/install/examples_rclpy_minimal_action_client:/home/reuben/ros2_ws/install/examples_rclpy_guard_conditions:/home/reuben/ros2_ws/install/examples_rclpy_executors:/opt/ros/humble /usr/bin/cmake /home/reuben/ros2_ws/src/my_package -DCMAKE_INSTALL_PREFIX=/home/reuben/ros2_ws/install/my_package
[0.882s] -- The C compiler identification is GNU 11.4.0
[0.892s] -- The CXX compiler identification is GNU 11.4.0
[0.902s] -- Detecting C compiler ABI info
[1.120s] -- Detecting C compiler ABI info - done
[1.129s] -- Check for working C compiler: /usr/bin/cc - skipped
[1.130s] -- Detecting C compile features
[1.130s] -- Detecting C compile features - done
[1.134s] -- Detecting CXX compiler ABI info
[1.311s] -- Detecting CXX compiler ABI info - done
[1.318s] -- Check for working CXX compiler: /usr/bin/c++ - skipped
[1.318s] -- Detecting CXX compile features
[1.319s] -- Detecting CXX compile features - done
[1.324s] -- Found ament_cmake: 1.3.5 (/opt/ros/humble/share/ament_cmake/cmake)
[1.621s] -- Found Python3: /usr/bin/python3.10 (found version "3.10.12") found components: Interpreter 
[1.746s] -- Found ament_lint_auto: 0.12.8 (/opt/ros/humble/share/ament_lint_auto/cmake)
[1.863s] -- Added test 'cppcheck' to perform static code analysis on C / C++ code
[1.863s] -- Configured cppcheck include dirs: $<BUILD_INTERFACE:/home/reuben/ros2_ws/src/my_package/include>
[1.864s] -- Configured cppcheck exclude dirs and/or files: 
[1.864s] -- Added test 'lint_cmake' to check CMake code style
[1.868s] -- Added test 'uncrustify' to check C / C++ code style
[1.868s] -- Configured uncrustify additional arguments: 
[1.872s] -- Added test 'xmllint' to check XML markup files
[1.876s] -- Configuring done
[1.883s] -- Generating done
[1.885s] -- Build files have been written to: /home/reuben/ros2_ws/build/my_package
[2.036s] Invoked command in '/home/reuben/ros2_ws/build/my_package' returned '0': CMAKE_PREFIX_PATH=${CMAKE_PREFIX_PATH}:/home/reuben/ros2_ws/install/rse2108_ass:/home/reuben/ros2_ws/install/mark_1:/home/reuben/ros2_ws/install/launch_testing_examples:/home/reuben/ros2_ws/install/examples_rclpy_pointcloud_publisher:/home/reuben/ros2_ws/install/examples_rclpy_minimal_subscriber:/home/reuben/ros2_ws/install/examples_rclpy_minimal_service:/home/reuben/ros2_ws/install/examples_rclpy_minimal_publisher:/home/reuben/ros2_ws/install/examples_rclpy_minimal_client:/home/reuben/ros2_ws/install/examples_rclpy_minimal_action_server:/home/reuben/ros2_ws/install/examples_rclpy_minimal_action_client:/home/reuben/ros2_ws/install/examples_rclpy_guard_conditions:/home/reuben/ros2_ws/install/examples_rclpy_executors:/opt/ros/humble /usr/bin/cmake /home/reuben/ros2_ws/src/my_package -DCMAKE_INSTALL_PREFIX=/home/reuben/ros2_ws/install/my_package
[2.038s] Invoking command in '/home/reuben/ros2_ws/build/my_package': CMAKE_PREFIX_PATH=${CMAKE_PREFIX_PATH}:/home/reuben/ros2_ws/install/rse2108_ass:/home/reuben/ros2_ws/install/mark_1:/home/reuben/ros2_ws/install/launch_testing_examples:/home/reuben/ros2_ws/install/examples_rclpy_pointcloud_publisher:/home/reuben/ros2_ws/install/examples_rclpy_minimal_subscriber:/home/reuben/ros2_ws/install/examples_rclpy_minimal_service:/home/reuben/ros2_ws/install/examples_rclpy_minimal_publisher:/home/reuben/ros2_ws/install/examples_rclpy_minimal_client:/home/reuben/ros2_ws/install/examples_rclpy_minimal_action_server:/home/reuben/ros2_ws/install/examples_rclpy_minimal_action_client:/home/reuben/ros2_ws/install/examples_rclpy_guard_conditions:/home/reuben/ros2_ws/install/examples_rclpy_executors:/opt/ros/humble /usr/bin/cmake --build /home/reuben/ros2_ws/build/my_package -- -j16 -l16
[2.421s] [ 50%] [32mBuilding CXX object CMakeFiles/my_node.dir/src/my_node.cpp.o[0m
[2.421s] [100%] [32m[1mLinking CXX executable my_node[0m
[2.421s] [100%] Built target my_node
[2.750s] Invoked command in '/home/reuben/ros2_ws/build/my_package' returned '0': CMAKE_PREFIX_PATH=${CMAKE_PREFIX_PATH}:/home/reuben/ros2_ws/install/rse2108_ass:/home/reuben/ros2_ws/install/mark_1:/home/reuben/ros2_ws/install/launch_testing_examples:/home/reuben/ros2_ws/install/examples_rclpy_pointcloud_publisher:/home/reuben/ros2_ws/install/examples_rclpy_minimal_subscriber:/home/reuben/ros2_ws/install/examples_rclpy_minimal_service:/home/reuben/ros2_ws/install/examples_rclpy_minimal_publisher:/home/reuben/ros2_ws/install/examples_rclpy_minimal_client:/home/reuben/ros2_ws/install/examples_rclpy_minimal_action_server:/home/reuben/ros2_ws/install/examples_rclpy_minimal_action_client:/home/reuben/ros2_ws/install/examples_rclpy_guard_conditions:/home/reuben/ros2_ws/install/examples_rclpy_executors:/opt/ros/humble /usr/bin/cmake --build /home/reuben/ros2_ws/build/my_package -- -j16 -l16
[3.124s] Invoking command in '/home/reuben/ros2_ws/build/my_package': CMAKE_PREFIX_PATH=${CMAKE_PREFIX_PATH}:/home/reuben/ros2_ws/install/rse2108_ass:/home/reuben/ros2_ws/install/mark_1:/home/reuben/ros2_ws/install/launch_testing_examples:/home/reuben/ros2_ws/install/examples_rclpy_pointcloud_publisher:/home/reuben/ros2_ws/install/examples_rclpy_minimal_subscriber:/home/reuben/ros2_ws/install/examples_rclpy_minimal_service:/home/reuben/ros2_ws/install/examples_rclpy_minimal_publisher:/home/reuben/ros2_ws/install/examples_rclpy_minimal_client:/home/reuben/ros2_ws/install/examples_rclpy_minimal_action_server:/home/reuben/ros2_ws/install/examples_rclpy_minimal_action_client:/home/reuben/ros2_ws/install/examples_rclpy_guard_conditions:/home/reuben/ros2_ws/install/examples_rclpy_executors:/opt/ros/humble /usr/bin/cmake --install /home/reuben/ros2_ws/build/my_package
[3.129s] -- Install configuration: ""
[3.129s] -- Installing: /home/reuben/ros2_ws/install/my_package/lib/my_package/my_node
[3.129s] -- Installing: /home/reuben/ros2_ws/install/my_package/share/ament_index/resource_index/package_run_dependencies/my_package
[3.129s] -- Installing: /home/reuben/ros2_ws/install/my_package/share/ament_index/resource_index/parent_prefix_path/my_package
[3.130s] -- Installing: /home/reuben/ros2_ws/install/my_package/share/my_package/environment/ament_prefix_path.sh
[3.130s] -- Installing: /home/reuben/ros2_ws/install/my_package/share/my_package/environment/ament_prefix_path.dsv
[3.130s] -- Installing: /home/reuben/ros2_ws/install/my_package/share/my_package/environment/path.sh
[3.130s] -- Installing: /home/reuben/ros2_ws/install/my_package/share/my_package/environment/path.dsv
[3.130s] -- Installing: /home/reuben/ros2_ws/install/my_package/share/my_package/local_setup.bash
[3.130s] -- Installing: /home/reuben/ros2_ws/install/my_package/share/my_package/local_setup.sh
[3.130s] -- Installing: /home/reuben/ros2_ws/install/my_package/share/my_package/local_setup.zsh
[3.130s] -- Installing: /home/reuben/ros2_ws/install/my_package/share/my_package/local_setup.dsv
[3.130s] -- Installing: /home/reuben/ros2_ws/install/my_package/share/my_package/package.dsv
[3.130s] -- Installing: /home/reuben/ros2_ws/install/my_package/share/ament_index/resource_index/packages/my_package
[3.131s] -- Installing: /home/reuben/ros2_ws/install/my_package/share/my_package/cmake/my_packageConfig.cmake
[3.131s] -- Installing: /home/reuben/ros2_ws/install/my_package/share/my_package/cmake/my_packageConfig-version.cmake
[3.131s] -- Installing: /home/reuben/ros2_ws/install/my_package/share/my_package/package.xml
[3.134s] Invoked command in '/home/reuben/ros2_ws/build/my_package' returned '0': CMAKE_PREFIX_PATH=${CMAKE_PREFIX_PATH}:/home/reuben/ros2_ws/install/rse2108_ass:/home/reuben/ros2_ws/install/mark_1:/home/reuben/ros2_ws/install/launch_testing_examples:/home/reuben/ros2_ws/install/examples_rclpy_pointcloud_publisher:/home/reuben/ros2_ws/install/examples_rclpy_minimal_subscriber:/home/reuben/ros2_ws/install/examples_rclpy_minimal_service:/home/reuben/ros2_ws/install/examples_rclpy_minimal_publisher:/home/reuben/ros2_ws/install/examples_rclpy_minimal_client:/home/reuben/ros2_ws/install/examples_rclpy_minimal_action_server:/home/reuben/ros2_ws/install/examples_rclpy_minimal_action_client:/home/reuben/ros2_ws/install/examples_rclpy_guard_conditions:/home/reuben/ros2_ws/install/examples_rclpy_executors:/opt/ros/humble /usr/bin/cmake --install /home/reuben/ros2_ws/build/my_package
