[2.381s] Invoking command in '/home/reuben/ros2_ws/build/examples_rclpy_pointcloud_publisher': PYTHONPATH=/home/reuben/ros2_ws/build/examples_rclpy_pointcloud_publisher/prefix_override:/home/reuben/ros2_ws/install/examples_rclpy_pointcloud_publisher/lib/python3.10/site-packages:${PYTHONPATH} /usr/bin/python3 setup.py develop --editable --build-directory /home/reuben/ros2_ws/build/examples_rclpy_pointcloud_publisher/build --no-deps install_data
[2.643s] running develop
[2.643s] /usr/lib/python3/dist-packages/setuptools/command/easy_install.py:158: EasyInstallDeprecationWarning: easy_install command is deprecated. Use build and pip and other standards-based tools.
[2.643s]   warnings.warn(
[2.643s] /usr/lib/python3/dist-packages/setuptools/command/install.py:34: SetuptoolsDeprecationWarning: setup.py install is deprecated. Use build and pip and other standards-based tools.
[2.643s]   warnings.warn(
[2.783s] running egg_info
[2.783s] writing examples_rclpy_pointcloud_publisher.egg-info/PKG-INFO
[2.783s] writing dependency_links to examples_rclpy_pointcloud_publisher.egg-info/dependency_links.txt
[2.783s] writing entry points to examples_rclpy_pointcloud_publisher.egg-info/entry_points.txt
[2.784s] writing requirements to examples_rclpy_pointcloud_publisher.egg-info/requires.txt
[2.784s] writing top-level names to examples_rclpy_pointcloud_publisher.egg-info/top_level.txt
[2.785s] reading manifest file 'examples_rclpy_pointcloud_publisher.egg-info/SOURCES.txt'
[2.786s] writing manifest file 'examples_rclpy_pointcloud_publisher.egg-info/SOURCES.txt'
[2.821s] running build_ext
[2.822s] Creating /home/reuben/ros2_ws/install/examples_rclpy_pointcloud_publisher/lib/python3.10/site-packages/examples-rclpy-pointcloud-publisher.egg-link (link to .)
[2.822s] Installing pointcloud_publisher script to /home/reuben/ros2_ws/install/examples_rclpy_pointcloud_publisher/lib/examples_rclpy_pointcloud_publisher
[2.822s] 
[2.822s] Installed /home/reuben/ros2_ws/build/examples_rclpy_pointcloud_publisher
[2.822s] running install_data
[2.885s] Invoked command in '/home/reuben/ros2_ws/build/examples_rclpy_pointcloud_publisher' returned '0': PYTHONPATH=/home/reuben/ros2_ws/build/examples_rclpy_pointcloud_publisher/prefix_override:/home/reuben/ros2_ws/install/examples_rclpy_pointcloud_publisher/lib/python3.10/site-packages:${PYTHONPATH} /usr/bin/python3 setup.py develop --editable --build-directory /home/reuben/ros2_ws/build/examples_rclpy_pointcloud_publisher/build --no-deps install_data
