[2.767s] Invoking command in '/home/reuben/ros2_ws/build/examples_rclpy_guard_conditions': PYTHONPATH=/home/reuben/ros2_ws/build/examples_rclpy_guard_conditions/prefix_override:/home/reuben/ros2_ws/install/examples_rclpy_guard_conditions/lib/python3.10/site-packages:${PYTHONPATH} /usr/bin/python3 setup.py develop --editable --build-directory /home/reuben/ros2_ws/build/examples_rclpy_guard_conditions/build --no-deps install_data
[3.641s] running develop
[3.642s] running egg_info
[3.642s] writing examples_rclpy_guard_conditions.egg-info/PKG-INFO
[3.642s] writing dependency_links to examples_rclpy_guard_conditions.egg-info/dependency_links.txt
[3.642s] writing entry points to examples_rclpy_guard_conditions.egg-info/entry_points.txt
[3.642s] writing requirements to examples_rclpy_guard_conditions.egg-info/requires.txt
[3.642s] writing top-level names to examples_rclpy_guard_conditions.egg-info/top_level.txt
[3.642s] reading manifest file 'examples_rclpy_guard_conditions.egg-info/SOURCES.txt'
[3.642s] writing manifest file 'examples_rclpy_guard_conditions.egg-info/SOURCES.txt'
[3.642s] running build_ext
[3.642s] Creating /home/reuben/ros2_ws/install/examples_rclpy_guard_conditions/lib/python3.10/site-packages/examples-rclpy-guard-conditions.egg-link (link to .)
[3.642s] Installing trigger_guard_condition script to /home/reuben/ros2_ws/install/examples_rclpy_guard_conditions/lib/examples_rclpy_guard_conditions
[3.642s] 
[3.642s] Installed /home/reuben/ros2_ws/build/examples_rclpy_guard_conditions
[3.642s] running install_data
[3.643s] /usr/lib/python3/dist-packages/setuptools/command/easy_install.py:158: EasyInstallDeprecationWarning: easy_install command is deprecated. Use build and pip and other standards-based tools.
[3.643s]   warnings.warn(
[3.643s] /usr/lib/python3/dist-packages/setuptools/command/install.py:34: SetuptoolsDeprecationWarning: setup.py install is deprecated. Use build and pip and other standards-based tools.
[3.644s]   warnings.warn(
[4.566s] Invoked command in '/home/reuben/ros2_ws/build/examples_rclpy_guard_conditions' returned '0': PYTHONPATH=/home/reuben/ros2_ws/build/examples_rclpy_guard_conditions/prefix_override:/home/reuben/ros2_ws/install/examples_rclpy_guard_conditions/lib/python3.10/site-packages:${PYTHONPATH} /usr/bin/python3 setup.py develop --editable --build-directory /home/reuben/ros2_ws/build/examples_rclpy_guard_conditions/build --no-deps install_data
