[1.311s] Invoking command in '/home/reuben/ros2_ws/build/urdf_tutorial': CMAKE_PREFIX_PATH=${CMAKE_PREFIX_PATH}:/home/reuben/ros2_ws/install/rse2108_ass:/home/reuben/ros2_ws/install/mark_1:/home/reuben/ros2_ws/install/launch_testing_examples:/home/reuben/ros2_ws/install/examples_rclpy_pointcloud_publisher:/home/reuben/ros2_ws/install/examples_rclpy_minimal_subscriber:/home/reuben/ros2_ws/install/examples_rclpy_minimal_service:/home/reuben/ros2_ws/install/examples_rclpy_minimal_publisher:/home/reuben/ros2_ws/install/examples_rclpy_minimal_client:/home/reuben/ros2_ws/install/examples_rclpy_minimal_action_server:/home/reuben/ros2_ws/install/examples_rclpy_minimal_action_client:/home/reuben/ros2_ws/install/examples_rclpy_guard_conditions:/home/reuben/ros2_ws/install/examples_rclpy_executors:/opt/ros/humble /usr/bin/cmake /home/reuben/ros2_ws/src/urdf_tutorial -DAMENT_CMAKE_SYMLINK_INSTALL=1 -DCMAKE_INSTALL_PREFIX=/home/reuben/ros2_ws/install/urdf_tutorial
[1.365s] -- Found ament_cmake: 1.3.5 (/opt/ros/humble/share/ament_cmake/cmake)
[1.483s] -- Override CMake install command with custom implementation using symlinks instead of copying resources
[1.493s] -- Found ament_lint_auto: 0.12.8 (/opt/ros/humble/share/ament_lint_auto/cmake)
[1.565s] -- Configuring done
[1.568s] -- Generating done
[1.569s] -- Build files have been written to: /home/reuben/ros2_ws/build/urdf_tutorial
[1.679s] Invoked command in '/home/reuben/ros2_ws/build/urdf_tutorial' returned '0': CMAKE_PREFIX_PATH=${CMAKE_PREFIX_PATH}:/home/reuben/ros2_ws/install/rse2108_ass:/home/reuben/ros2_ws/install/mark_1:/home/reuben/ros2_ws/install/launch_testing_examples:/home/reuben/ros2_ws/install/examples_rclpy_pointcloud_publisher:/home/reuben/ros2_ws/install/examples_rclpy_minimal_subscriber:/home/reuben/ros2_ws/install/examples_rclpy_minimal_service:/home/reuben/ros2_ws/install/examples_rclpy_minimal_publisher:/home/reuben/ros2_ws/install/examples_rclpy_minimal_client:/home/reuben/ros2_ws/install/examples_rclpy_minimal_action_server:/home/reuben/ros2_ws/install/examples_rclpy_minimal_action_client:/home/reuben/ros2_ws/install/examples_rclpy_guard_conditions:/home/reuben/ros2_ws/install/examples_rclpy_executors:/opt/ros/humble /usr/bin/cmake /home/reuben/ros2_ws/src/urdf_tutorial -DAMENT_CMAKE_SYMLINK_INSTALL=1 -DCMAKE_INSTALL_PREFIX=/home/reuben/ros2_ws/install/urdf_tutorial
[1.680s] Invoking command in '/home/reuben/ros2_ws/build/urdf_tutorial': CMAKE_PREFIX_PATH=${CMAKE_PREFIX_PATH}:/home/reuben/ros2_ws/install/rse2108_ass:/home/reuben/ros2_ws/install/mark_1:/home/reuben/ros2_ws/install/launch_testing_examples:/home/reuben/ros2_ws/install/examples_rclpy_pointcloud_publisher:/home/reuben/ros2_ws/install/examples_rclpy_minimal_subscriber:/home/reuben/ros2_ws/install/examples_rclpy_minimal_service:/home/reuben/ros2_ws/install/examples_rclpy_minimal_publisher:/home/reuben/ros2_ws/install/examples_rclpy_minimal_client:/home/reuben/ros2_ws/install/examples_rclpy_minimal_action_server:/home/reuben/ros2_ws/install/examples_rclpy_minimal_action_client:/home/reuben/ros2_ws/install/examples_rclpy_guard_conditions:/home/reuben/ros2_ws/install/examples_rclpy_executors:/opt/ros/humble /usr/bin/cmake --build /home/reuben/ros2_ws/build/urdf_tutorial -- -j16 -l16
[1.716s] Invoked command in '/home/reuben/ros2_ws/build/urdf_tutorial' returned '0': CMAKE_PREFIX_PATH=${CMAKE_PREFIX_PATH}:/home/reuben/ros2_ws/install/rse2108_ass:/home/reuben/ros2_ws/install/mark_1:/home/reuben/ros2_ws/install/launch_testing_examples:/home/reuben/ros2_ws/install/examples_rclpy_pointcloud_publisher:/home/reuben/ros2_ws/install/examples_rclpy_minimal_subscriber:/home/reuben/ros2_ws/install/examples_rclpy_minimal_service:/home/reuben/ros2_ws/install/examples_rclpy_minimal_publisher:/home/reuben/ros2_ws/install/examples_rclpy_minimal_client:/home/reuben/ros2_ws/install/examples_rclpy_minimal_action_server:/home/reuben/ros2_ws/install/examples_rclpy_minimal_action_client:/home/reuben/ros2_ws/install/examples_rclpy_guard_conditions:/home/reuben/ros2_ws/install/examples_rclpy_executors:/opt/ros/humble /usr/bin/cmake --build /home/reuben/ros2_ws/build/urdf_tutorial -- -j16 -l16
[1.738s] Invoking command in '/home/reuben/ros2_ws/build/urdf_tutorial': CMAKE_PREFIX_PATH=${CMAKE_PREFIX_PATH}:/home/reuben/ros2_ws/install/rse2108_ass:/home/reuben/ros2_ws/install/mark_1:/home/reuben/ros2_ws/install/launch_testing_examples:/home/reuben/ros2_ws/install/examples_rclpy_pointcloud_publisher:/home/reuben/ros2_ws/install/examples_rclpy_minimal_subscriber:/home/reuben/ros2_ws/install/examples_rclpy_minimal_service:/home/reuben/ros2_ws/install/examples_rclpy_minimal_publisher:/home/reuben/ros2_ws/install/examples_rclpy_minimal_client:/home/reuben/ros2_ws/install/examples_rclpy_minimal_action_server:/home/reuben/ros2_ws/install/examples_rclpy_minimal_action_client:/home/reuben/ros2_ws/install/examples_rclpy_guard_conditions:/home/reuben/ros2_ws/install/examples_rclpy_executors:/opt/ros/humble /usr/bin/cmake --install /home/reuben/ros2_ws/build/urdf_tutorial
[1.747s] -- Install configuration: ""
[1.748s] -- Execute custom install script
[1.748s] -- Symlinking: /home/reuben/ros2_ws/install/urdf_tutorial/share/urdf_tutorial/images/flexible.png
[1.758s] -- Symlinking: /home/reuben/ros2_ws/install/urdf_tutorial/share/urdf_tutorial/images/materials.png
[1.769s] -- Symlinking: /home/reuben/ros2_ws/install/urdf_tutorial/share/urdf_tutorial/images/multipleshapes.png
[1.781s] -- Symlinking: /home/reuben/ros2_ws/install/urdf_tutorial/share/urdf_tutorial/images/myfirst.png
[1.790s] -- Symlinking: /home/reuben/ros2_ws/install/urdf_tutorial/share/urdf_tutorial/images/origins.png
[1.797s] -- Symlinking: /home/reuben/ros2_ws/install/urdf_tutorial/share/urdf_tutorial/images/visual.png
[1.807s] -- Symlinking: /home/reuben/ros2_ws/install/urdf_tutorial/share/urdf_tutorial/launch/display.launch.py
[1.816s] -- Symlinking: /home/reuben/ros2_ws/install/urdf_tutorial/share/urdf_tutorial/meshes/l_finger.dae
[1.824s] -- Symlinking: /home/reuben/ros2_ws/install/urdf_tutorial/share/urdf_tutorial/meshes/l_finger_color.png
[1.832s] -- Symlinking: /home/reuben/ros2_ws/install/urdf_tutorial/share/urdf_tutorial/meshes/l_finger_tip.dae
[1.843s] -- Symlinking: /home/reuben/ros2_ws/install/urdf_tutorial/share/urdf_tutorial/meshes/l_finger_tip_color.png
[1.853s] -- Symlinking: /home/reuben/ros2_ws/install/urdf_tutorial/share/urdf_tutorial/rviz/urdf.rviz
[1.860s] -- Symlinking: /home/reuben/ros2_ws/install/urdf_tutorial/share/urdf_tutorial/urdf/01-myfirst.urdf
[1.869s] -- Symlinking: /home/reuben/ros2_ws/install/urdf_tutorial/share/urdf_tutorial/urdf/02-multipleshapes.urdf
[1.876s] -- Symlinking: /home/reuben/ros2_ws/install/urdf_tutorial/share/urdf_tutorial/urdf/03-origins.urdf
[1.886s] -- Symlinking: /home/reuben/ros2_ws/install/urdf_tutorial/share/urdf_tutorial/urdf/04-materials.urdf
[1.896s] -- Symlinking: /home/reuben/ros2_ws/install/urdf_tutorial/share/urdf_tutorial/urdf/05-visual.urdf
[1.904s] -- Symlinking: /home/reuben/ros2_ws/install/urdf_tutorial/share/urdf_tutorial/urdf/06-flexible.urdf
[1.909s] -- Symlinking: /home/reuben/ros2_ws/install/urdf_tutorial/share/urdf_tutorial/urdf/07-physics.urdf
[1.916s] -- Symlinking: /home/reuben/ros2_ws/install/urdf_tutorial/share/urdf_tutorial/urdf/08-macroed.urdf.xacro
[1.924s] -- Symlinking: /home/reuben/ros2_ws/install/urdf_tutorial/share/ament_index/resource_index/package_run_dependencies/urdf_tutorial
[1.934s] -- Symlinking: /home/reuben/ros2_ws/install/urdf_tutorial/share/ament_index/resource_index/parent_prefix_path/urdf_tutorial
[1.940s] -- Symlinking: /home/reuben/ros2_ws/install/urdf_tutorial/share/urdf_tutorial/environment/ament_prefix_path.sh
[1.947s] -- Symlinking: /home/reuben/ros2_ws/install/urdf_tutorial/share/urdf_tutorial/environment/ament_prefix_path.dsv
[1.954s] -- Symlinking: /home/reuben/ros2_ws/install/urdf_tutorial/share/urdf_tutorial/environment/path.sh
[1.962s] -- Symlinking: /home/reuben/ros2_ws/install/urdf_tutorial/share/urdf_tutorial/environment/path.dsv
[1.970s] -- Symlinking: /home/reuben/ros2_ws/install/urdf_tutorial/share/urdf_tutorial/local_setup.bash
[1.977s] -- Symlinking: /home/reuben/ros2_ws/install/urdf_tutorial/share/urdf_tutorial/local_setup.sh
[1.984s] -- Symlinking: /home/reuben/ros2_ws/install/urdf_tutorial/share/urdf_tutorial/local_setup.zsh
[1.991s] -- Symlinking: /home/reuben/ros2_ws/install/urdf_tutorial/share/urdf_tutorial/local_setup.dsv
[1.997s] -- Symlinking: /home/reuben/ros2_ws/install/urdf_tutorial/share/urdf_tutorial/package.dsv
[2.004s] -- Symlinking: /home/reuben/ros2_ws/install/urdf_tutorial/share/ament_index/resource_index/packages/urdf_tutorial
[2.010s] -- Symlinking: /home/reuben/ros2_ws/install/urdf_tutorial/share/urdf_tutorial/cmake/urdf_tutorialConfig.cmake
[2.017s] -- Symlinking: /home/reuben/ros2_ws/install/urdf_tutorial/share/urdf_tutorial/cmake/urdf_tutorialConfig-version.cmake
[2.023s] -- Symlinking: /home/reuben/ros2_ws/install/urdf_tutorial/share/urdf_tutorial/package.xml
[2.249s] Invoked command in '/home/reuben/ros2_ws/build/urdf_tutorial' returned '0': CMAKE_PREFIX_PATH=${CMAKE_PREFIX_PATH}:/home/reuben/ros2_ws/install/rse2108_ass:/home/reuben/ros2_ws/install/mark_1:/home/reuben/ros2_ws/install/launch_testing_examples:/home/reuben/ros2_ws/install/examples_rclpy_pointcloud_publisher:/home/reuben/ros2_ws/install/examples_rclpy_minimal_subscriber:/home/reuben/ros2_ws/install/examples_rclpy_minimal_service:/home/reuben/ros2_ws/install/examples_rclpy_minimal_publisher:/home/reuben/ros2_ws/install/examples_rclpy_minimal_client:/home/reuben/ros2_ws/install/examples_rclpy_minimal_action_server:/home/reuben/ros2_ws/install/examples_rclpy_minimal_action_client:/home/reuben/ros2_ws/install/examples_rclpy_guard_conditions:/home/reuben/ros2_ws/install/examples_rclpy_executors:/opt/ros/humble /usr/bin/cmake --install /home/reuben/ros2_ws/build/urdf_tutorial
