[0.196s] Invoking command in '/home/reuben/ros2_ws/build/examples_rclcpp_multithreaded_executor': CMAKE_PREFIX_PATH=${CMAKE_PREFIX_PATH}:/home/reuben/ros2_ws/install/rse2108_ass:/home/reuben/ros2_ws/install/mark_1:/home/reuben/ros2_ws/install/launch_testing_examples:/home/reuben/ros2_ws/install/examples_rclpy_pointcloud_publisher:/home/reuben/ros2_ws/install/examples_rclpy_minimal_subscriber:/home/reuben/ros2_ws/install/examples_rclpy_minimal_service:/home/reuben/ros2_ws/install/examples_rclpy_minimal_publisher:/home/reuben/ros2_ws/install/examples_rclpy_minimal_client:/home/reuben/ros2_ws/install/examples_rclpy_minimal_action_server:/home/reuben/ros2_ws/install/examples_rclpy_minimal_action_client:/home/reuben/ros2_ws/install/examples_rclpy_guard_conditions:/home/reuben/ros2_ws/install/examples_rclpy_executors:/opt/ros/humble /usr/bin/cmake /home/reuben/ros2_ws/src/src/examples/rclcpp/executors/multithreaded_executor -DCMAKE_INSTALL_PREFIX=/home/reuben/ros2_ws/install/examples_rclcpp_multithreaded_executor
[2.077s] -- The C compiler identification is GNU 11.4.0
[2.077s] -- The CXX compiler identification is GNU 11.4.0
[2.077s] -- Detecting C compiler ABI info
[2.077s] -- Detecting C compiler ABI info - done
[2.078s] -- Check for working C compiler: /usr/bin/cc - skipped
[2.078s] -- Detecting C compile features
[2.078s] -- Detecting C compile features - done
[2.078s] -- Detecting CXX compiler ABI info
[2.078s] -- Detecting CXX compiler ABI info - done
[2.078s] -- Check for working CXX compiler: /usr/bin/c++ - skipped
[2.078s] -- Detecting CXX compile features
[2.078s] -- Detecting CXX compile features - done
[2.078s] -- Found ament_cmake: 1.3.5 (/opt/ros/humble/share/ament_cmake/cmake)
[2.078s] -- Found Python3: /usr/bin/python3.10 (found version "3.10.12") found components: Interpreter 
[2.078s] -- Found rclcpp: 16.0.6 (/opt/ros/humble/share/rclcpp/cmake)
[2.078s] -- Found rosidl_generator_c: 3.1.5 (/opt/ros/humble/share/rosidl_generator_c/cmake)
[2.078s] -- Found rosidl_adapter: 3.1.5 (/opt/ros/humble/share/rosidl_adapter/cmake)
[2.078s] -- Found rosidl_generator_cpp: 3.1.5 (/opt/ros/humble/share/rosidl_generator_cpp/cmake)
[2.078s] -- Using all available rosidl_typesupport_c: rosidl_typesupport_fastrtps_c;rosidl_typesupport_introspection_c
[2.079s] -- Using all available rosidl_typesupport_cpp: rosidl_typesupport_fastrtps_cpp;rosidl_typesupport_introspection_cpp
[2.079s] -- Found rmw_implementation_cmake: 6.1.1 (/opt/ros/humble/share/rmw_implementation_cmake/cmake)
[2.079s] -- Found rmw_fastrtps_cpp: 6.2.4 (/opt/ros/humble/share/rmw_fastrtps_cpp/cmake)
[2.079s] -- Found OpenSSL: /usr/lib/x86_64-linux-gnu/libcrypto.so (found version "3.0.2")  
[2.079s] -- Found FastRTPS: /opt/ros/humble/include  
[2.079s] -- Using RMW implementation 'rmw_fastrtps_cpp' as default
[2.079s] -- Looking for pthread.h
[2.079s] -- Looking for pthread.h - found
[2.079s] -- Performing Test CMAKE_HAVE_LIBC_PTHREAD
[2.079s] -- Performing Test CMAKE_HAVE_LIBC_PTHREAD - Success
[2.079s] -- Found Threads: TRUE  
[2.079s] -- Found ament_lint_auto: 0.12.8 (/opt/ros/humble/share/ament_lint_auto/cmake)
[2.079s] -- Added test 'copyright' to check source files copyright and LICENSE
[2.079s] -- Added test 'cppcheck' to perform static code analysis on C / C++ code
[2.080s] -- Configured cppcheck include dirs: 
[2.080s] -- Configured cppcheck exclude dirs and/or files: 
[2.080s] -- Added test 'cpplint' to check C / C++ code against the Google style
[2.080s] -- Configured cpplint exclude dirs and/or files: 
[2.080s] -- Added test 'lint_cmake' to check CMake code style
[2.080s] -- Added test 'uncrustify' to check C / C++ code style
[2.081s] -- Configured uncrustify additional arguments: 
[2.081s] -- Added test 'xmllint' to check XML markup files
[2.081s] -- Configuring done
[2.081s] -- Generating done
[2.081s] -- Build files have been written to: /home/reuben/ros2_ws/build/examples_rclcpp_multithreaded_executor
[2.085s] Invoked command in '/home/reuben/ros2_ws/build/examples_rclcpp_multithreaded_executor' returned '0': CMAKE_PREFIX_PATH=${CMAKE_PREFIX_PATH}:/home/reuben/ros2_ws/install/rse2108_ass:/home/reuben/ros2_ws/install/mark_1:/home/reuben/ros2_ws/install/launch_testing_examples:/home/reuben/ros2_ws/install/examples_rclpy_pointcloud_publisher:/home/reuben/ros2_ws/install/examples_rclpy_minimal_subscriber:/home/reuben/ros2_ws/install/examples_rclpy_minimal_service:/home/reuben/ros2_ws/install/examples_rclpy_minimal_publisher:/home/reuben/ros2_ws/install/examples_rclpy_minimal_client:/home/reuben/ros2_ws/install/examples_rclpy_minimal_action_server:/home/reuben/ros2_ws/install/examples_rclpy_minimal_action_client:/home/reuben/ros2_ws/install/examples_rclpy_guard_conditions:/home/reuben/ros2_ws/install/examples_rclpy_executors:/opt/ros/humble /usr/bin/cmake /home/reuben/ros2_ws/src/src/examples/rclcpp/executors/multithreaded_executor -DCMAKE_INSTALL_PREFIX=/home/reuben/ros2_ws/install/examples_rclcpp_multithreaded_executor
[2.087s] Invoking command in '/home/reuben/ros2_ws/build/examples_rclcpp_multithreaded_executor': CMAKE_PREFIX_PATH=${CMAKE_PREFIX_PATH}:/home/reuben/ros2_ws/install/rse2108_ass:/home/reuben/ros2_ws/install/mark_1:/home/reuben/ros2_ws/install/launch_testing_examples:/home/reuben/ros2_ws/install/examples_rclpy_pointcloud_publisher:/home/reuben/ros2_ws/install/examples_rclpy_minimal_subscriber:/home/reuben/ros2_ws/install/examples_rclpy_minimal_service:/home/reuben/ros2_ws/install/examples_rclpy_minimal_publisher:/home/reuben/ros2_ws/install/examples_rclpy_minimal_client:/home/reuben/ros2_ws/install/examples_rclpy_minimal_action_server:/home/reuben/ros2_ws/install/examples_rclpy_minimal_action_client:/home/reuben/ros2_ws/install/examples_rclpy_guard_conditions:/home/reuben/ros2_ws/install/examples_rclpy_executors:/opt/ros/humble /usr/bin/cmake --build /home/reuben/ros2_ws/build/examples_rclcpp_multithreaded_executor -- -j16 -l16
[2.593s] [ 50%] [32mBuilding CXX object CMakeFiles/multithreaded_executor.dir/multithreaded_executor.cpp.o[0m
[28.911s] [100%] [32m[1mLinking CXX executable multithreaded_executor[0m
[30.411s] [100%] Built target multithreaded_executor
[32.963s] Invoked command in '/home/reuben/ros2_ws/build/examples_rclcpp_multithreaded_executor' returned '0': CMAKE_PREFIX_PATH=${CMAKE_PREFIX_PATH}:/home/reuben/ros2_ws/install/rse2108_ass:/home/reuben/ros2_ws/install/mark_1:/home/reuben/ros2_ws/install/launch_testing_examples:/home/reuben/ros2_ws/install/examples_rclpy_pointcloud_publisher:/home/reuben/ros2_ws/install/examples_rclpy_minimal_subscriber:/home/reuben/ros2_ws/install/examples_rclpy_minimal_service:/home/reuben/ros2_ws/install/examples_rclpy_minimal_publisher:/home/reuben/ros2_ws/install/examples_rclpy_minimal_client:/home/reuben/ros2_ws/install/examples_rclpy_minimal_action_server:/home/reuben/ros2_ws/install/examples_rclpy_minimal_action_client:/home/reuben/ros2_ws/install/examples_rclpy_guard_conditions:/home/reuben/ros2_ws/install/examples_rclpy_executors:/opt/ros/humble /usr/bin/cmake --build /home/reuben/ros2_ws/build/examples_rclcpp_multithreaded_executor -- -j16 -l16
[36.054s] Invoking command in '/home/reuben/ros2_ws/build/examples_rclcpp_multithreaded_executor': CMAKE_PREFIX_PATH=${CMAKE_PREFIX_PATH}:/home/reuben/ros2_ws/install/rse2108_ass:/home/reuben/ros2_ws/install/mark_1:/home/reuben/ros2_ws/install/launch_testing_examples:/home/reuben/ros2_ws/install/examples_rclpy_pointcloud_publisher:/home/reuben/ros2_ws/install/examples_rclpy_minimal_subscriber:/home/reuben/ros2_ws/install/examples_rclpy_minimal_service:/home/reuben/ros2_ws/install/examples_rclpy_minimal_publisher:/home/reuben/ros2_ws/install/examples_rclpy_minimal_client:/home/reuben/ros2_ws/install/examples_rclpy_minimal_action_server:/home/reuben/ros2_ws/install/examples_rclpy_minimal_action_client:/home/reuben/ros2_ws/install/examples_rclpy_guard_conditions:/home/reuben/ros2_ws/install/examples_rclpy_executors:/opt/ros/humble /usr/bin/cmake --install /home/reuben/ros2_ws/build/examples_rclcpp_multithreaded_executor
[36.325s] -- Install configuration: ""
[36.325s] -- Installing: /home/reuben/ros2_ws/install/examples_rclcpp_multithreaded_executor/lib/examples_rclcpp_multithreaded_executor/multithreaded_executor
[36.325s] -- Set runtime path of "/home/reuben/ros2_ws/install/examples_rclcpp_multithreaded_executor/lib/examples_rclcpp_multithreaded_executor/multithreaded_executor" to ""
[36.325s] -- Installing: /home/reuben/ros2_ws/install/examples_rclcpp_multithreaded_executor/share/ament_index/resource_index/package_run_dependencies/examples_rclcpp_multithreaded_executor
[36.326s] -- Installing: /home/reuben/ros2_ws/install/examples_rclcpp_multithreaded_executor/share/ament_index/resource_index/parent_prefix_path/examples_rclcpp_multithreaded_executor
[36.326s] -- Installing: /home/reuben/ros2_ws/install/examples_rclcpp_multithreaded_executor/share/examples_rclcpp_multithreaded_executor/environment/ament_prefix_path.sh
[36.326s] -- Installing: /home/reuben/ros2_ws/install/examples_rclcpp_multithreaded_executor/share/examples_rclcpp_multithreaded_executor/environment/ament_prefix_path.dsv
[36.326s] -- Installing: /home/reuben/ros2_ws/install/examples_rclcpp_multithreaded_executor/share/examples_rclcpp_multithreaded_executor/environment/path.sh
[36.326s] -- Installing: /home/reuben/ros2_ws/install/examples_rclcpp_multithreaded_executor/share/examples_rclcpp_multithreaded_executor/environment/path.dsv
[36.326s] -- Installing: /home/reuben/ros2_ws/install/examples_rclcpp_multithreaded_executor/share/examples_rclcpp_multithreaded_executor/local_setup.bash
[36.326s] -- Installing: /home/reuben/ros2_ws/install/examples_rclcpp_multithreaded_executor/share/examples_rclcpp_multithreaded_executor/local_setup.sh
[36.326s] -- Installing: /home/reuben/ros2_ws/install/examples_rclcpp_multithreaded_executor/share/examples_rclcpp_multithreaded_executor/local_setup.zsh
[36.326s] -- Installing: /home/reuben/ros2_ws/install/examples_rclcpp_multithreaded_executor/share/examples_rclcpp_multithreaded_executor/local_setup.dsv
[36.326s] -- Installing: /home/reuben/ros2_ws/install/examples_rclcpp_multithreaded_executor/share/examples_rclcpp_multithreaded_executor/package.dsv
[36.327s] -- Installing: /home/reuben/ros2_ws/install/examples_rclcpp_multithreaded_executor/share/ament_index/resource_index/packages/examples_rclcpp_multithreaded_executor
[36.327s] -- Installing: /home/reuben/ros2_ws/install/examples_rclcpp_multithreaded_executor/share/examples_rclcpp_multithreaded_executor/cmake/examples_rclcpp_multithreaded_executorConfig.cmake
[36.327s] -- Installing: /home/reuben/ros2_ws/install/examples_rclcpp_multithreaded_executor/share/examples_rclcpp_multithreaded_executor/cmake/examples_rclcpp_multithreaded_executorConfig-version.cmake
[36.327s] -- Installing: /home/reuben/ros2_ws/install/examples_rclcpp_multithreaded_executor/share/examples_rclcpp_multithreaded_executor/package.xml
[36.807s] Invoked command in '/home/reuben/ros2_ws/build/examples_rclcpp_multithreaded_executor' returned '0': CMAKE_PREFIX_PATH=${CMAKE_PREFIX_PATH}:/home/reuben/ros2_ws/install/rse2108_ass:/home/reuben/ros2_ws/install/mark_1:/home/reuben/ros2_ws/install/launch_testing_examples:/home/reuben/ros2_ws/install/examples_rclpy_pointcloud_publisher:/home/reuben/ros2_ws/install/examples_rclpy_minimal_subscriber:/home/reuben/ros2_ws/install/examples_rclpy_minimal_service:/home/reuben/ros2_ws/install/examples_rclpy_minimal_publisher:/home/reuben/ros2_ws/install/examples_rclpy_minimal_client:/home/reuben/ros2_ws/install/examples_rclpy_minimal_action_server:/home/reuben/ros2_ws/install/examples_rclpy_minimal_action_client:/home/reuben/ros2_ws/install/examples_rclpy_guard_conditions:/home/reuben/ros2_ws/install/examples_rclpy_executors:/opt/ros/humble /usr/bin/cmake --install /home/reuben/ros2_ws/build/examples_rclcpp_multithreaded_executor
