[4.134s] Invoking command in '/home/reuben/ros2_ws/build/examples_rclpy_minimal_action_server': PYTHONPATH=/home/reuben/ros2_ws/build/examples_rclpy_minimal_action_server/prefix_override:/home/reuben/ros2_ws/install/examples_rclpy_minimal_action_server/lib/python3.10/site-packages:${PYTHONPATH} /usr/bin/python3 setup.py develop --editable --build-directory /home/reuben/ros2_ws/build/examples_rclpy_minimal_action_server/build --no-deps install_data
[4.411s] running develop
[4.411s] /usr/lib/python3/dist-packages/setuptools/command/easy_install.py:158: EasyInstallDeprecationWarning: easy_install command is deprecated. Use build and pip and other standards-based tools.
[4.411s]   warnings.warn(
[4.411s] /usr/lib/python3/dist-packages/setuptools/command/install.py:34: SetuptoolsDeprecationWarning: setup.py install is deprecated. Use build and pip and other standards-based tools.
[4.411s]   warnings.warn(
[4.497s] running egg_info
[4.498s] writing examples_rclpy_minimal_action_server.egg-info/PKG-INFO
[4.498s] writing dependency_links to examples_rclpy_minimal_action_server.egg-info/dependency_links.txt
[4.498s] writing entry points to examples_rclpy_minimal_action_server.egg-info/entry_points.txt
[4.498s] writing requirements to examples_rclpy_minimal_action_server.egg-info/requires.txt
[4.498s] writing top-level names to examples_rclpy_minimal_action_server.egg-info/top_level.txt
[4.499s] reading manifest file 'examples_rclpy_minimal_action_server.egg-info/SOURCES.txt'
[4.500s] writing manifest file 'examples_rclpy_minimal_action_server.egg-info/SOURCES.txt'
[4.544s] running build_ext
[4.544s] Creating /home/reuben/ros2_ws/install/examples_rclpy_minimal_action_server/lib/python3.10/site-packages/examples-rclpy-minimal-action-server.egg-link (link to .)
[4.545s] Installing server script to /home/reuben/ros2_ws/install/examples_rclpy_minimal_action_server/lib/examples_rclpy_minimal_action_server
[4.545s] Installing server_defer script to /home/reuben/ros2_ws/install/examples_rclpy_minimal_action_server/lib/examples_rclpy_minimal_action_server
[4.545s] Installing server_not_composable script to /home/reuben/ros2_ws/install/examples_rclpy_minimal_action_server/lib/examples_rclpy_minimal_action_server
[4.545s] Installing server_queue_goals script to /home/reuben/ros2_ws/install/examples_rclpy_minimal_action_server/lib/examples_rclpy_minimal_action_server
[4.545s] Installing server_single_goal script to /home/reuben/ros2_ws/install/examples_rclpy_minimal_action_server/lib/examples_rclpy_minimal_action_server
[4.546s] 
[4.546s] Installed /home/reuben/ros2_ws/build/examples_rclpy_minimal_action_server
[4.546s] running install_data
[4.683s] Invoked command in '/home/reuben/ros2_ws/build/examples_rclpy_minimal_action_server' returned '0': PYTHONPATH=/home/reuben/ros2_ws/build/examples_rclpy_minimal_action_server/prefix_override:/home/reuben/ros2_ws/install/examples_rclpy_minimal_action_server/lib/python3.10/site-packages:${PYTHONPATH} /usr/bin/python3 setup.py develop --editable --build-directory /home/reuben/ros2_ws/build/examples_rclpy_minimal_action_server/build --no-deps install_data
