[0.415s] Invoking command in '/home/reuben/ros2_ws/build/examples_rclcpp_minimal_publisher': CMAKE_PREFIX_PATH=${CMAKE_PREFIX_PATH}:/home/reuben/ros2_ws/install/rse2108_ass:/home/reuben/ros2_ws/install/mark_1:/home/reuben/ros2_ws/install/launch_testing_examples:/home/reuben/ros2_ws/install/examples_rclpy_pointcloud_publisher:/home/reuben/ros2_ws/install/examples_rclpy_minimal_subscriber:/home/reuben/ros2_ws/install/examples_rclpy_minimal_service:/home/reuben/ros2_ws/install/examples_rclpy_minimal_publisher:/home/reuben/ros2_ws/install/examples_rclpy_minimal_client:/home/reuben/ros2_ws/install/examples_rclpy_minimal_action_server:/home/reuben/ros2_ws/install/examples_rclpy_minimal_action_client:/home/reuben/ros2_ws/install/examples_rclpy_guard_conditions:/home/reuben/ros2_ws/install/examples_rclpy_executors:/opt/ros/humble /usr/bin/cmake /home/reuben/ros2_ws/src/src/examples/rclcpp/topics/minimal_publisher -DAMENT_CMAKE_SYMLINK_INSTALL=1 -DCMAKE_INSTALL_PREFIX=/home/reuben/ros2_ws/install/examples_rclcpp_minimal_publisher
[0.996s] -- Found ament_cmake: 1.3.5 (/opt/ros/humble/share/ament_cmake/cmake)
[0.996s] -- Override CMake install command with custom implementation using symlinks instead of copying resources
[0.996s] -- Found rclcpp: 16.0.6 (/opt/ros/humble/share/rclcpp/cmake)
[0.996s] -- Found rosidl_generator_c: 3.1.5 (/opt/ros/humble/share/rosidl_generator_c/cmake)
[0.996s] -- Found rosidl_adapter: 3.1.5 (/opt/ros/humble/share/rosidl_adapter/cmake)
[0.996s] -- Found rosidl_generator_cpp: 3.1.5 (/opt/ros/humble/share/rosidl_generator_cpp/cmake)
[0.997s] -- Using all available rosidl_typesupport_c: rosidl_typesupport_fastrtps_c;rosidl_typesupport_introspection_c
[0.997s] -- Using all available rosidl_typesupport_cpp: rosidl_typesupport_fastrtps_cpp;rosidl_typesupport_introspection_cpp
[0.997s] -- Found rmw_implementation_cmake: 6.1.1 (/opt/ros/humble/share/rmw_implementation_cmake/cmake)
[0.997s] -- Found rmw_fastrtps_cpp: 6.2.4 (/opt/ros/humble/share/rmw_fastrtps_cpp/cmake)
[1.028s] -- Using RMW implementation 'rmw_fastrtps_cpp' as default
[1.258s] -- Found ament_lint_auto: 0.12.8 (/opt/ros/humble/share/ament_lint_auto/cmake)
[1.353s] -- Added test 'copyright' to check source files copyright and LICENSE
[1.354s] -- Added test 'cppcheck' to perform static code analysis on C / C++ code
[1.355s] -- Configured cppcheck include dirs: 
[1.355s] -- Configured cppcheck exclude dirs and/or files: 
[1.356s] -- Added test 'cpplint' to check C / C++ code against the Google style
[1.356s] -- Configured cpplint exclude dirs and/or files: 
[1.357s] -- Added test 'lint_cmake' to check CMake code style
[1.358s] -- Added test 'uncrustify' to check C / C++ code style
[1.358s] -- Configured uncrustify additional arguments: 
[1.358s] -- Added test 'xmllint' to check XML markup files
[1.360s] -- Configuring done
[1.391s] -- Generating done
[1.394s] -- Build files have been written to: /home/reuben/ros2_ws/build/examples_rclcpp_minimal_publisher
[1.410s] Invoked command in '/home/reuben/ros2_ws/build/examples_rclcpp_minimal_publisher' returned '0': CMAKE_PREFIX_PATH=${CMAKE_PREFIX_PATH}:/home/reuben/ros2_ws/install/rse2108_ass:/home/reuben/ros2_ws/install/mark_1:/home/reuben/ros2_ws/install/launch_testing_examples:/home/reuben/ros2_ws/install/examples_rclpy_pointcloud_publisher:/home/reuben/ros2_ws/install/examples_rclpy_minimal_subscriber:/home/reuben/ros2_ws/install/examples_rclpy_minimal_service:/home/reuben/ros2_ws/install/examples_rclpy_minimal_publisher:/home/reuben/ros2_ws/install/examples_rclpy_minimal_client:/home/reuben/ros2_ws/install/examples_rclpy_minimal_action_server:/home/reuben/ros2_ws/install/examples_rclpy_minimal_action_client:/home/reuben/ros2_ws/install/examples_rclpy_guard_conditions:/home/reuben/ros2_ws/install/examples_rclpy_executors:/opt/ros/humble /usr/bin/cmake /home/reuben/ros2_ws/src/src/examples/rclcpp/topics/minimal_publisher -DAMENT_CMAKE_SYMLINK_INSTALL=1 -DCMAKE_INSTALL_PREFIX=/home/reuben/ros2_ws/install/examples_rclcpp_minimal_publisher
[1.411s] Invoking command in '/home/reuben/ros2_ws/build/examples_rclcpp_minimal_publisher': CMAKE_PREFIX_PATH=${CMAKE_PREFIX_PATH}:/home/reuben/ros2_ws/install/rse2108_ass:/home/reuben/ros2_ws/install/mark_1:/home/reuben/ros2_ws/install/launch_testing_examples:/home/reuben/ros2_ws/install/examples_rclpy_pointcloud_publisher:/home/reuben/ros2_ws/install/examples_rclpy_minimal_subscriber:/home/reuben/ros2_ws/install/examples_rclpy_minimal_service:/home/reuben/ros2_ws/install/examples_rclpy_minimal_publisher:/home/reuben/ros2_ws/install/examples_rclpy_minimal_client:/home/reuben/ros2_ws/install/examples_rclpy_minimal_action_server:/home/reuben/ros2_ws/install/examples_rclpy_minimal_action_client:/home/reuben/ros2_ws/install/examples_rclpy_guard_conditions:/home/reuben/ros2_ws/install/examples_rclpy_executors:/opt/ros/humble /usr/bin/cmake --build /home/reuben/ros2_ws/build/examples_rclcpp_minimal_publisher -- -j16 -l16
[1.628s] [35m[1mConsolidate compiler generated dependencies of target publisher_lambda[0m
[1.628s] [35m[1mConsolidate compiler generated dependencies of target publisher_member_function_with_type_adapter[0m
[1.628s] [35m[1mConsolidate compiler generated dependencies of target publisher_member_function_with_unique_network_flow_endpoints[0m
[1.628s] [35m[1mConsolidate compiler generated dependencies of target publisher_wait_for_all_acked[0m
[1.628s] [35m[1mConsolidate compiler generated dependencies of target publisher_not_composable[0m
[1.628s] [35m[1mConsolidate compiler generated dependencies of target publisher_member_function[0m
[1.629s] [  8%] [32m[1mLinking CXX executable publisher_lambda[0m
[1.629s] [ 16%] [32m[1mLinking CXX executable publisher_member_function_with_unique_network_flow_endpoints[0m
[1.629s] [ 25%] [32m[1mLinking CXX executable publisher_member_function_with_type_adapter[0m
[1.629s] [ 33%] [32m[1mLinking CXX executable publisher_wait_for_all_acked[0m
[1.629s] [ 41%] [32m[1mLinking CXX executable publisher_not_composable[0m
[1.629s] [ 50%] [32m[1mLinking CXX executable publisher_member_function[0m
[1.979s] [ 58%] Built target publisher_not_composable
[2.056s] [ 66%] Built target publisher_wait_for_all_acked
[2.057s] [ 75%] Built target publisher_lambda
[2.105s] [ 83%] Built target publisher_member_function
[2.193s] [ 91%] Built target publisher_member_function_with_unique_network_flow_endpoints
[2.310s] [100%] Built target publisher_member_function_with_type_adapter
[2.393s] Invoked command in '/home/reuben/ros2_ws/build/examples_rclcpp_minimal_publisher' returned '0': CMAKE_PREFIX_PATH=${CMAKE_PREFIX_PATH}:/home/reuben/ros2_ws/install/rse2108_ass:/home/reuben/ros2_ws/install/mark_1:/home/reuben/ros2_ws/install/launch_testing_examples:/home/reuben/ros2_ws/install/examples_rclpy_pointcloud_publisher:/home/reuben/ros2_ws/install/examples_rclpy_minimal_subscriber:/home/reuben/ros2_ws/install/examples_rclpy_minimal_service:/home/reuben/ros2_ws/install/examples_rclpy_minimal_publisher:/home/reuben/ros2_ws/install/examples_rclpy_minimal_client:/home/reuben/ros2_ws/install/examples_rclpy_minimal_action_server:/home/reuben/ros2_ws/install/examples_rclpy_minimal_action_client:/home/reuben/ros2_ws/install/examples_rclpy_guard_conditions:/home/reuben/ros2_ws/install/examples_rclpy_executors:/opt/ros/humble /usr/bin/cmake --build /home/reuben/ros2_ws/build/examples_rclcpp_minimal_publisher -- -j16 -l16
[3.758s] Invoking command in '/home/reuben/ros2_ws/build/examples_rclcpp_minimal_publisher': CMAKE_PREFIX_PATH=${CMAKE_PREFIX_PATH}:/home/reuben/ros2_ws/install/rse2108_ass:/home/reuben/ros2_ws/install/mark_1:/home/reuben/ros2_ws/install/launch_testing_examples:/home/reuben/ros2_ws/install/examples_rclpy_pointcloud_publisher:/home/reuben/ros2_ws/install/examples_rclpy_minimal_subscriber:/home/reuben/ros2_ws/install/examples_rclpy_minimal_service:/home/reuben/ros2_ws/install/examples_rclpy_minimal_publisher:/home/reuben/ros2_ws/install/examples_rclpy_minimal_client:/home/reuben/ros2_ws/install/examples_rclpy_minimal_action_server:/home/reuben/ros2_ws/install/examples_rclpy_minimal_action_client:/home/reuben/ros2_ws/install/examples_rclpy_guard_conditions:/home/reuben/ros2_ws/install/examples_rclpy_executors:/opt/ros/humble /usr/bin/cmake --install /home/reuben/ros2_ws/build/examples_rclcpp_minimal_publisher
[3.793s] -- Install configuration: ""
[3.793s] -- Execute custom install script
[3.793s] -- Symlinking: /home/reuben/ros2_ws/install/examples_rclcpp_minimal_publisher/lib/examples_rclcpp_minimal_publisher/publisher_lambda
[3.809s] -- Symlinking: /home/reuben/ros2_ws/install/examples_rclcpp_minimal_publisher/lib/examples_rclcpp_minimal_publisher/publisher_member_function
[3.823s] -- Symlinking: /home/reuben/ros2_ws/install/examples_rclcpp_minimal_publisher/lib/examples_rclcpp_minimal_publisher/publisher_member_function_with_type_adapter
[3.832s] -- Symlinking: /home/reuben/ros2_ws/install/examples_rclcpp_minimal_publisher/lib/examples_rclcpp_minimal_publisher/publisher_member_function_with_unique_network_flow_endpoints
[3.850s] -- Symlinking: /home/reuben/ros2_ws/install/examples_rclcpp_minimal_publisher/lib/examples_rclcpp_minimal_publisher/publisher_wait_for_all_acked
[3.866s] -- Symlinking: /home/reuben/ros2_ws/install/examples_rclcpp_minimal_publisher/lib/examples_rclcpp_minimal_publisher/publisher_not_composable
[3.896s] -- Symlinking: /home/reuben/ros2_ws/install/examples_rclcpp_minimal_publisher/share/ament_index/resource_index/package_run_dependencies/examples_rclcpp_minimal_publisher
[3.910s] -- Symlinking: /home/reuben/ros2_ws/install/examples_rclcpp_minimal_publisher/share/ament_index/resource_index/parent_prefix_path/examples_rclcpp_minimal_publisher
[3.931s] -- Symlinking: /home/reuben/ros2_ws/install/examples_rclcpp_minimal_publisher/share/examples_rclcpp_minimal_publisher/environment/ament_prefix_path.sh
[3.944s] -- Symlinking: /home/reuben/ros2_ws/install/examples_rclcpp_minimal_publisher/share/examples_rclcpp_minimal_publisher/environment/ament_prefix_path.dsv
[3.960s] -- Symlinking: /home/reuben/ros2_ws/install/examples_rclcpp_minimal_publisher/share/examples_rclcpp_minimal_publisher/environment/path.sh
[3.971s] -- Symlinking: /home/reuben/ros2_ws/install/examples_rclcpp_minimal_publisher/share/examples_rclcpp_minimal_publisher/environment/path.dsv
[3.982s] -- Symlinking: /home/reuben/ros2_ws/install/examples_rclcpp_minimal_publisher/share/examples_rclcpp_minimal_publisher/local_setup.bash
[3.990s] -- Symlinking: /home/reuben/ros2_ws/install/examples_rclcpp_minimal_publisher/share/examples_rclcpp_minimal_publisher/local_setup.sh
[4.000s] -- Symlinking: /home/reuben/ros2_ws/install/examples_rclcpp_minimal_publisher/share/examples_rclcpp_minimal_publisher/local_setup.zsh
[4.009s] -- Symlinking: /home/reuben/ros2_ws/install/examples_rclcpp_minimal_publisher/share/examples_rclcpp_minimal_publisher/local_setup.dsv
[4.018s] -- Symlinking: /home/reuben/ros2_ws/install/examples_rclcpp_minimal_publisher/share/examples_rclcpp_minimal_publisher/package.dsv
[4.023s] -- Symlinking: /home/reuben/ros2_ws/install/examples_rclcpp_minimal_publisher/share/ament_index/resource_index/packages/examples_rclcpp_minimal_publisher
[4.030s] -- Symlinking: /home/reuben/ros2_ws/install/examples_rclcpp_minimal_publisher/share/examples_rclcpp_minimal_publisher/cmake/examples_rclcpp_minimal_publisherConfig.cmake
[4.038s] -- Symlinking: /home/reuben/ros2_ws/install/examples_rclcpp_minimal_publisher/share/examples_rclcpp_minimal_publisher/cmake/examples_rclcpp_minimal_publisherConfig-version.cmake
[4.045s] -- Symlinking: /home/reuben/ros2_ws/install/examples_rclcpp_minimal_publisher/share/examples_rclcpp_minimal_publisher/package.xml
[4.585s] Invoked command in '/home/reuben/ros2_ws/build/examples_rclcpp_minimal_publisher' returned '0': CMAKE_PREFIX_PATH=${CMAKE_PREFIX_PATH}:/home/reuben/ros2_ws/install/rse2108_ass:/home/reuben/ros2_ws/install/mark_1:/home/reuben/ros2_ws/install/launch_testing_examples:/home/reuben/ros2_ws/install/examples_rclpy_pointcloud_publisher:/home/reuben/ros2_ws/install/examples_rclpy_minimal_subscriber:/home/reuben/ros2_ws/install/examples_rclpy_minimal_service:/home/reuben/ros2_ws/install/examples_rclpy_minimal_publisher:/home/reuben/ros2_ws/install/examples_rclpy_minimal_client:/home/reuben/ros2_ws/install/examples_rclpy_minimal_action_server:/home/reuben/ros2_ws/install/examples_rclpy_minimal_action_client:/home/reuben/ros2_ws/install/examples_rclpy_guard_conditions:/home/reuben/ros2_ws/install/examples_rclpy_executors:/opt/ros/humble /usr/bin/cmake --install /home/reuben/ros2_ws/build/examples_rclcpp_minimal_publisher
