[4.037s] Invoking command in '/home/reuben/ros2_ws/build/examples_rclpy_minimal_service': PYTHONPATH=/home/reuben/ros2_ws/build/examples_rclpy_minimal_service/prefix_override:/home/reuben/ros2_ws/install/examples_rclpy_minimal_service/lib/python3.10/site-packages:${PYTHONPATH} /usr/bin/python3 setup.py develop --editable --build-directory /home/reuben/ros2_ws/build/examples_rclpy_minimal_service/build --no-deps install_data
[4.385s] running develop
[4.385s] /usr/lib/python3/dist-packages/setuptools/command/easy_install.py:158: EasyInstallDeprecationWarning: easy_install command is deprecated. Use build and pip and other standards-based tools.
[4.385s]   warnings.warn(
[4.386s] /usr/lib/python3/dist-packages/setuptools/command/install.py:34: SetuptoolsDeprecationWarning: setup.py install is deprecated. Use build and pip and other standards-based tools.
[4.387s]   warnings.warn(
[4.570s] running egg_info
[4.570s] writing examples_rclpy_minimal_service.egg-info/PKG-INFO
[4.570s] writing dependency_links to examples_rclpy_minimal_service.egg-info/dependency_links.txt
[4.570s] writing entry points to examples_rclpy_minimal_service.egg-info/entry_points.txt
[4.571s] writing requirements to examples_rclpy_minimal_service.egg-info/requires.txt
[4.571s] writing top-level names to examples_rclpy_minimal_service.egg-info/top_level.txt
[4.573s] reading manifest file 'examples_rclpy_minimal_service.egg-info/SOURCES.txt'
[4.573s] writing manifest file 'examples_rclpy_minimal_service.egg-info/SOURCES.txt'
[4.638s] running build_ext
[4.638s] Creating /home/reuben/ros2_ws/install/examples_rclpy_minimal_service/lib/python3.10/site-packages/examples-rclpy-minimal-service.egg-link (link to .)
[4.639s] Installing service script to /home/reuben/ros2_ws/install/examples_rclpy_minimal_service/lib/examples_rclpy_minimal_service
[4.639s] Installing service_member_function script to /home/reuben/ros2_ws/install/examples_rclpy_minimal_service/lib/examples_rclpy_minimal_service
[4.639s] 
[4.639s] Installed /home/reuben/ros2_ws/build/examples_rclpy_minimal_service
[4.639s] running install_data
[4.861s] Invoked command in '/home/reuben/ros2_ws/build/examples_rclpy_minimal_service' returned '0': PYTHONPATH=/home/reuben/ros2_ws/build/examples_rclpy_minimal_service/prefix_override:/home/reuben/ros2_ws/install/examples_rclpy_minimal_service/lib/python3.10/site-packages:${PYTHONPATH} /usr/bin/python3 setup.py develop --editable --build-directory /home/reuben/ros2_ws/build/examples_rclpy_minimal_service/build --no-deps install_data
