[0.730s] Invoking command in '/home/reuben/ros2_ws/build/examples_rclcpp_async_client': CMAKE_PREFIX_PATH=${CMAKE_PREFIX_PATH}:/home/reuben/ros2_ws/install/rse2108_ass:/home/reuben/ros2_ws/install/mark_1:/home/reuben/ros2_ws/install/launch_testing_examples:/home/reuben/ros2_ws/install/examples_rclpy_pointcloud_publisher:/home/reuben/ros2_ws/install/examples_rclpy_minimal_subscriber:/home/reuben/ros2_ws/install/examples_rclpy_minimal_service:/home/reuben/ros2_ws/install/examples_rclpy_minimal_publisher:/home/reuben/ros2_ws/install/examples_rclpy_minimal_client:/home/reuben/ros2_ws/install/examples_rclpy_minimal_action_server:/home/reuben/ros2_ws/install/examples_rclpy_minimal_action_client:/home/reuben/ros2_ws/install/examples_rclpy_guard_conditions:/home/reuben/ros2_ws/install/examples_rclpy_executors:/opt/ros/humble /usr/bin/cmake /home/reuben/ros2_ws/src/src/examples/rclcpp/services/async_client -DAMENT_CMAKE_SYMLINK_INSTALL=1 -DCMAKE_INSTALL_PREFIX=/home/reuben/ros2_ws/install/examples_rclcpp_async_client
[1.290s] -- Found ament_cmake: 1.3.5 (/opt/ros/humble/share/ament_cmake/cmake)
[1.290s] -- Override CMake install command with custom implementation using symlinks instead of copying resources
[1.290s] -- Found example_interfaces: 0.9.3 (/opt/ros/humble/share/example_interfaces/cmake)
[1.290s] -- Found rosidl_generator_c: 3.1.5 (/opt/ros/humble/share/rosidl_generator_c/cmake)
[1.290s] -- Found rosidl_adapter: 3.1.5 (/opt/ros/humble/share/rosidl_adapter/cmake)
[1.290s] -- Found rosidl_generator_cpp: 3.1.5 (/opt/ros/humble/share/rosidl_generator_cpp/cmake)
[1.290s] -- Using all available rosidl_typesupport_c: rosidl_typesupport_fastrtps_c;rosidl_typesupport_introspection_c
[1.290s] -- Using all available rosidl_typesupport_cpp: rosidl_typesupport_fastrtps_cpp;rosidl_typesupport_introspection_cpp
[1.298s] -- Found rclcpp: 16.0.6 (/opt/ros/humble/share/rclcpp/cmake)
[1.362s] -- Found rmw_implementation_cmake: 6.1.1 (/opt/ros/humble/share/rmw_implementation_cmake/cmake)
[1.365s] -- Found rmw_fastrtps_cpp: 6.2.4 (/opt/ros/humble/share/rmw_fastrtps_cpp/cmake)
[1.572s] -- Using RMW implementation 'rmw_fastrtps_cpp' as default
[1.802s] -- Found ament_lint_auto: 0.12.8 (/opt/ros/humble/share/ament_lint_auto/cmake)
[1.927s] -- Added test 'copyright' to check source files copyright and LICENSE
[1.928s] -- Added test 'cppcheck' to perform static code analysis on C / C++ code
[1.931s] -- Configured cppcheck include dirs: 
[1.931s] -- Configured cppcheck exclude dirs and/or files: 
[1.932s] -- Added test 'cpplint' to check C / C++ code against the Google style
[1.932s] -- Configured cpplint exclude dirs and/or files: 
[1.950s] -- Added test 'lint_cmake' to check CMake code style
[1.950s] -- Added test 'uncrustify' to check C / C++ code style
[1.950s] -- Configured uncrustify additional arguments: 
[1.950s] -- Added test 'xmllint' to check XML markup files
[1.950s] -- Configuring done
[1.993s] -- Generating done
[1.993s] -- Build files have been written to: /home/reuben/ros2_ws/build/examples_rclcpp_async_client
[2.042s] Invoked command in '/home/reuben/ros2_ws/build/examples_rclcpp_async_client' returned '0': CMAKE_PREFIX_PATH=${CMAKE_PREFIX_PATH}:/home/reuben/ros2_ws/install/rse2108_ass:/home/reuben/ros2_ws/install/mark_1:/home/reuben/ros2_ws/install/launch_testing_examples:/home/reuben/ros2_ws/install/examples_rclpy_pointcloud_publisher:/home/reuben/ros2_ws/install/examples_rclpy_minimal_subscriber:/home/reuben/ros2_ws/install/examples_rclpy_minimal_service:/home/reuben/ros2_ws/install/examples_rclpy_minimal_publisher:/home/reuben/ros2_ws/install/examples_rclpy_minimal_client:/home/reuben/ros2_ws/install/examples_rclpy_minimal_action_server:/home/reuben/ros2_ws/install/examples_rclpy_minimal_action_client:/home/reuben/ros2_ws/install/examples_rclpy_guard_conditions:/home/reuben/ros2_ws/install/examples_rclpy_executors:/opt/ros/humble /usr/bin/cmake /home/reuben/ros2_ws/src/src/examples/rclcpp/services/async_client -DAMENT_CMAKE_SYMLINK_INSTALL=1 -DCMAKE_INSTALL_PREFIX=/home/reuben/ros2_ws/install/examples_rclcpp_async_client
[2.043s] Invoking command in '/home/reuben/ros2_ws/build/examples_rclcpp_async_client': CMAKE_PREFIX_PATH=${CMAKE_PREFIX_PATH}:/home/reuben/ros2_ws/install/rse2108_ass:/home/reuben/ros2_ws/install/mark_1:/home/reuben/ros2_ws/install/launch_testing_examples:/home/reuben/ros2_ws/install/examples_rclpy_pointcloud_publisher:/home/reuben/ros2_ws/install/examples_rclpy_minimal_subscriber:/home/reuben/ros2_ws/install/examples_rclpy_minimal_service:/home/reuben/ros2_ws/install/examples_rclpy_minimal_publisher:/home/reuben/ros2_ws/install/examples_rclpy_minimal_client:/home/reuben/ros2_ws/install/examples_rclpy_minimal_action_server:/home/reuben/ros2_ws/install/examples_rclpy_minimal_action_client:/home/reuben/ros2_ws/install/examples_rclpy_guard_conditions:/home/reuben/ros2_ws/install/examples_rclpy_executors:/opt/ros/humble /usr/bin/cmake --build /home/reuben/ros2_ws/build/examples_rclcpp_async_client -- -j16 -l16
[2.678s] [35m[1mConsolidate compiler generated dependencies of target client_main[0m
[2.678s] [ 50%] [32m[1mLinking CXX executable client_main[0m
[3.203s] [100%] Built target client_main
[3.312s] Invoked command in '/home/reuben/ros2_ws/build/examples_rclcpp_async_client' returned '0': CMAKE_PREFIX_PATH=${CMAKE_PREFIX_PATH}:/home/reuben/ros2_ws/install/rse2108_ass:/home/reuben/ros2_ws/install/mark_1:/home/reuben/ros2_ws/install/launch_testing_examples:/home/reuben/ros2_ws/install/examples_rclpy_pointcloud_publisher:/home/reuben/ros2_ws/install/examples_rclpy_minimal_subscriber:/home/reuben/ros2_ws/install/examples_rclpy_minimal_service:/home/reuben/ros2_ws/install/examples_rclpy_minimal_publisher:/home/reuben/ros2_ws/install/examples_rclpy_minimal_client:/home/reuben/ros2_ws/install/examples_rclpy_minimal_action_server:/home/reuben/ros2_ws/install/examples_rclpy_minimal_action_client:/home/reuben/ros2_ws/install/examples_rclpy_guard_conditions:/home/reuben/ros2_ws/install/examples_rclpy_executors:/opt/ros/humble /usr/bin/cmake --build /home/reuben/ros2_ws/build/examples_rclcpp_async_client -- -j16 -l16
[4.070s] Invoking command in '/home/reuben/ros2_ws/build/examples_rclcpp_async_client': CMAKE_PREFIX_PATH=${CMAKE_PREFIX_PATH}:/home/reuben/ros2_ws/install/rse2108_ass:/home/reuben/ros2_ws/install/mark_1:/home/reuben/ros2_ws/install/launch_testing_examples:/home/reuben/ros2_ws/install/examples_rclpy_pointcloud_publisher:/home/reuben/ros2_ws/install/examples_rclpy_minimal_subscriber:/home/reuben/ros2_ws/install/examples_rclpy_minimal_service:/home/reuben/ros2_ws/install/examples_rclpy_minimal_publisher:/home/reuben/ros2_ws/install/examples_rclpy_minimal_client:/home/reuben/ros2_ws/install/examples_rclpy_minimal_action_server:/home/reuben/ros2_ws/install/examples_rclpy_minimal_action_client:/home/reuben/ros2_ws/install/examples_rclpy_guard_conditions:/home/reuben/ros2_ws/install/examples_rclpy_executors:/opt/ros/humble /usr/bin/cmake --install /home/reuben/ros2_ws/build/examples_rclcpp_async_client
[4.125s] -- Install configuration: ""
[4.126s] -- Execute custom install script
[4.126s] -- Symlinking: /home/reuben/ros2_ws/install/examples_rclcpp_async_client/lib/examples_rclcpp_async_client/client_main
[4.126s] -- Symlinking: /home/reuben/ros2_ws/install/examples_rclcpp_async_client/share/ament_index/resource_index/package_run_dependencies/examples_rclcpp_async_client
[4.126s] -- Symlinking: /home/reuben/ros2_ws/install/examples_rclcpp_async_client/share/ament_index/resource_index/parent_prefix_path/examples_rclcpp_async_client
[4.157s] -- Symlinking: /home/reuben/ros2_ws/install/examples_rclcpp_async_client/share/examples_rclcpp_async_client/environment/ament_prefix_path.sh
[4.173s] -- Symlinking: /home/reuben/ros2_ws/install/examples_rclcpp_async_client/share/examples_rclcpp_async_client/environment/ament_prefix_path.dsv
[4.206s] -- Symlinking: /home/reuben/ros2_ws/install/examples_rclcpp_async_client/share/examples_rclcpp_async_client/environment/path.sh
[4.216s] -- Symlinking: /home/reuben/ros2_ws/install/examples_rclcpp_async_client/share/examples_rclcpp_async_client/environment/path.dsv
[4.233s] -- Symlinking: /home/reuben/ros2_ws/install/examples_rclcpp_async_client/share/examples_rclcpp_async_client/local_setup.bash
[4.243s] -- Symlinking: /home/reuben/ros2_ws/install/examples_rclcpp_async_client/share/examples_rclcpp_async_client/local_setup.sh
[4.267s] -- Symlinking: /home/reuben/ros2_ws/install/examples_rclcpp_async_client/share/examples_rclcpp_async_client/local_setup.zsh
[4.277s] -- Symlinking: /home/reuben/ros2_ws/install/examples_rclcpp_async_client/share/examples_rclcpp_async_client/local_setup.dsv
[4.288s] -- Symlinking: /home/reuben/ros2_ws/install/examples_rclcpp_async_client/share/examples_rclcpp_async_client/package.dsv
[4.297s] -- Symlinking: /home/reuben/ros2_ws/install/examples_rclcpp_async_client/share/ament_index/resource_index/packages/examples_rclcpp_async_client
[4.307s] -- Symlinking: /home/reuben/ros2_ws/install/examples_rclcpp_async_client/share/examples_rclcpp_async_client/cmake/examples_rclcpp_async_clientConfig.cmake
[4.317s] -- Symlinking: /home/reuben/ros2_ws/install/examples_rclcpp_async_client/share/examples_rclcpp_async_client/cmake/examples_rclcpp_async_clientConfig-version.cmake
[4.322s] -- Symlinking: /home/reuben/ros2_ws/install/examples_rclcpp_async_client/share/examples_rclcpp_async_client/package.xml
[4.831s] Invoked command in '/home/reuben/ros2_ws/build/examples_rclcpp_async_client' returned '0': CMAKE_PREFIX_PATH=${CMAKE_PREFIX_PATH}:/home/reuben/ros2_ws/install/rse2108_ass:/home/reuben/ros2_ws/install/mark_1:/home/reuben/ros2_ws/install/launch_testing_examples:/home/reuben/ros2_ws/install/examples_rclpy_pointcloud_publisher:/home/reuben/ros2_ws/install/examples_rclpy_minimal_subscriber:/home/reuben/ros2_ws/install/examples_rclpy_minimal_service:/home/reuben/ros2_ws/install/examples_rclpy_minimal_publisher:/home/reuben/ros2_ws/install/examples_rclpy_minimal_client:/home/reuben/ros2_ws/install/examples_rclpy_minimal_action_server:/home/reuben/ros2_ws/install/examples_rclpy_minimal_action_client:/home/reuben/ros2_ws/install/examples_rclpy_guard_conditions:/home/reuben/ros2_ws/install/examples_rclpy_executors:/opt/ros/humble /usr/bin/cmake --install /home/reuben/ros2_ws/build/examples_rclcpp_async_client
