[1.226s] Invoking command in '/home/reuben/ros2_ws/build/examples_rclpy_executors': PYTHONPATH=/home/reuben/ros2_ws/build/examples_rclpy_executors/prefix_override:/home/reuben/ros2_ws/install/examples_rclpy_executors/lib/python3.10/site-packages:${PYTHONPATH} /usr/bin/python3 setup.py develop --editable --build-directory /home/reuben/ros2_ws/build/examples_rclpy_executors/build --no-deps install_data
[1.902s] running develop
[1.903s] /usr/lib/python3/dist-packages/setuptools/command/easy_install.py:158: EasyInstallDeprecationWarning: easy_install command is deprecated. Use build and pip and other standards-based tools.
[1.903s]   warnings.warn(
[1.906s] /usr/lib/python3/dist-packages/setuptools/command/install.py:34: SetuptoolsDeprecationWarning: setup.py install is deprecated. Use build and pip and other standards-based tools.
[1.906s]   warnings.warn(
[2.666s] running egg_info
[2.666s] writing examples_rclpy_executors.egg-info/PKG-INFO
[2.667s] writing dependency_links to examples_rclpy_executors.egg-info/dependency_links.txt
[2.667s] writing entry points to examples_rclpy_executors.egg-info/entry_points.txt
[2.667s] writing requirements to examples_rclpy_executors.egg-info/requires.txt
[2.667s] writing top-level names to examples_rclpy_executors.egg-info/top_level.txt
[2.671s] reading manifest file 'examples_rclpy_executors.egg-info/SOURCES.txt'
[2.672s] writing manifest file 'examples_rclpy_executors.egg-info/SOURCES.txt'
[2.909s] running build_ext
[2.910s] Creating /home/reuben/ros2_ws/install/examples_rclpy_executors/lib/python3.10/site-packages/examples-rclpy-executors.egg-link (link to .)
[2.929s] Installing callback_group script to /home/reuben/ros2_ws/install/examples_rclpy_executors/lib/examples_rclpy_executors
[2.929s] Installing composed script to /home/reuben/ros2_ws/install/examples_rclpy_executors/lib/examples_rclpy_executors
[2.929s] Installing custom_callback_group script to /home/reuben/ros2_ws/install/examples_rclpy_executors/lib/examples_rclpy_executors
[2.929s] Installing custom_executor script to /home/reuben/ros2_ws/install/examples_rclpy_executors/lib/examples_rclpy_executors
[2.929s] Installing listener script to /home/reuben/ros2_ws/install/examples_rclpy_executors/lib/examples_rclpy_executors
[2.929s] Installing talker script to /home/reuben/ros2_ws/install/examples_rclpy_executors/lib/examples_rclpy_executors
[2.929s] 
[2.929s] Installed /home/reuben/ros2_ws/build/examples_rclpy_executors
[2.929s] running install_data
[3.488s] Invoked command in '/home/reuben/ros2_ws/build/examples_rclpy_executors' returned '0': PYTHONPATH=/home/reuben/ros2_ws/build/examples_rclpy_executors/prefix_override:/home/reuben/ros2_ws/install/examples_rclpy_executors/lib/python3.10/site-packages:${PYTHONPATH} /usr/bin/python3 setup.py develop --editable --build-directory /home/reuben/ros2_ws/build/examples_rclpy_executors/build --no-deps install_data
