[4.119s] Invoking command in '/home/reuben/ros2_ws/build/examples_rclpy_minimal_publisher': PYTHONPATH=/home/reuben/ros2_ws/build/examples_rclpy_minimal_publisher/prefix_override:/home/reuben/ros2_ws/install/examples_rclpy_minimal_publisher/lib/python3.10/site-packages:${PYTHONPATH} /usr/bin/python3 setup.py develop --editable --build-directory /home/reuben/ros2_ws/build/examples_rclpy_minimal_publisher/build --no-deps install_data
[4.383s] running develop
[4.383s] /usr/lib/python3/dist-packages/setuptools/command/easy_install.py:158: EasyInstallDeprecationWarning: easy_install command is deprecated. Use build and pip and other standards-based tools.
[4.383s]   warnings.warn(
[4.384s] /usr/lib/python3/dist-packages/setuptools/command/install.py:34: SetuptoolsDeprecationWarning: setup.py install is deprecated. Use build and pip and other standards-based tools.
[4.384s]   warnings.warn(
[4.570s] running egg_info
[4.570s] writing examples_rclpy_minimal_publisher.egg-info/PKG-INFO
[4.570s] writing dependency_links to examples_rclpy_minimal_publisher.egg-info/dependency_links.txt
[4.571s] writing entry points to examples_rclpy_minimal_publisher.egg-info/entry_points.txt
[4.571s] writing requirements to examples_rclpy_minimal_publisher.egg-info/requires.txt
[4.571s] writing top-level names to examples_rclpy_minimal_publisher.egg-info/top_level.txt
[4.573s] reading manifest file 'examples_rclpy_minimal_publisher.egg-info/SOURCES.txt'
[4.574s] writing manifest file 'examples_rclpy_minimal_publisher.egg-info/SOURCES.txt'
[4.636s] running build_ext
[4.636s] Creating /home/reuben/ros2_ws/install/examples_rclpy_minimal_publisher/lib/python3.10/site-packages/examples-rclpy-minimal-publisher.egg-link (link to .)
[4.637s] Installing publisher_local_function script to /home/reuben/ros2_ws/install/examples_rclpy_minimal_publisher/lib/examples_rclpy_minimal_publisher
[4.637s] Installing publisher_member_function script to /home/reuben/ros2_ws/install/examples_rclpy_minimal_publisher/lib/examples_rclpy_minimal_publisher
[4.637s] Installing publisher_old_school script to /home/reuben/ros2_ws/install/examples_rclpy_minimal_publisher/lib/examples_rclpy_minimal_publisher
[4.637s] 
[4.637s] Installed /home/reuben/ros2_ws/build/examples_rclpy_minimal_publisher
[4.637s] running install_data
[4.827s] Invoked command in '/home/reuben/ros2_ws/build/examples_rclpy_minimal_publisher' returned '0': PYTHONPATH=/home/reuben/ros2_ws/build/examples_rclpy_minimal_publisher/prefix_override:/home/reuben/ros2_ws/install/examples_rclpy_minimal_publisher/lib/python3.10/site-packages:${PYTHONPATH} /usr/bin/python3 setup.py develop --editable --build-directory /home/reuben/ros2_ws/build/examples_rclpy_minimal_publisher/build --no-deps install_data
