[3.244s] Invoking command in '/home/reuben/ros2_ws/src/src/examples/rclpy/actions/minimal_action_client': PYTHONPATH=/home/reuben/ros2_ws/build/examples_rclpy_minimal_action_client/prefix_override:/home/reuben/ros2_ws/install/examples_rclpy_minimal_action_client/lib/python3.10/site-packages:${PYTHONPATH} /usr/bin/python3 setup.py egg_info --egg-base ../../../../../../build/examples_rclpy_minimal_action_client build --build-base /home/reuben/ros2_ws/build/examples_rclpy_minimal_action_client/build install --record /home/reuben/ros2_ws/build/examples_rclpy_minimal_action_client/install.log --single-version-externally-managed
[4.350s] running egg_info
[4.350s] creating ../../../../../../build/examples_rclpy_minimal_action_client/examples_rclpy_minimal_action_client.egg-info
[4.350s] writing ../../../../../../build/examples_rclpy_minimal_action_client/examples_rclpy_minimal_action_client.egg-info/PKG-INFO
[4.350s] writing dependency_links to ../../../../../../build/examples_rclpy_minimal_action_client/examples_rclpy_minimal_action_client.egg-info/dependency_links.txt
[4.350s] writing entry points to ../../../../../../build/examples_rclpy_minimal_action_client/examples_rclpy_minimal_action_client.egg-info/entry_points.txt
[4.350s] writing requirements to ../../../../../../build/examples_rclpy_minimal_action_client/examples_rclpy_minimal_action_client.egg-info/requires.txt
[4.350s] writing top-level names to ../../../../../../build/examples_rclpy_minimal_action_client/examples_rclpy_minimal_action_client.egg-info/top_level.txt
[4.351s] writing manifest file '../../../../../../build/examples_rclpy_minimal_action_client/examples_rclpy_minimal_action_client.egg-info/SOURCES.txt'
[4.351s] reading manifest file '../../../../../../build/examples_rclpy_minimal_action_client/examples_rclpy_minimal_action_client.egg-info/SOURCES.txt'
[4.362s] writing manifest file '../../../../../../build/examples_rclpy_minimal_action_client/examples_rclpy_minimal_action_client.egg-info/SOURCES.txt'
[4.366s] running build
[4.366s] running build_py
[4.367s] creating /home/reuben/ros2_ws/build/examples_rclpy_minimal_action_client/build
[4.367s] creating /home/reuben/ros2_ws/build/examples_rclpy_minimal_action_client/build/lib
[4.367s] creating /home/reuben/ros2_ws/build/examples_rclpy_minimal_action_client/build/lib/examples_rclpy_minimal_action_client
[4.367s] copying examples_rclpy_minimal_action_client/__init__.py -> /home/reuben/ros2_ws/build/examples_rclpy_minimal_action_client/build/lib/examples_rclpy_minimal_action_client
[4.367s] copying examples_rclpy_minimal_action_client/client_cancel.py -> /home/reuben/ros2_ws/build/examples_rclpy_minimal_action_client/build/lib/examples_rclpy_minimal_action_client
[4.367s] copying examples_rclpy_minimal_action_client/client_not_composable.py -> /home/reuben/ros2_ws/build/examples_rclpy_minimal_action_client/build/lib/examples_rclpy_minimal_action_client
[4.367s] copying examples_rclpy_minimal_action_client/client.py -> /home/reuben/ros2_ws/build/examples_rclpy_minimal_action_client/build/lib/examples_rclpy_minimal_action_client
[4.367s] /usr/lib/python3/dist-packages/setuptools/command/install.py:34: SetuptoolsDeprecationWarning: setup.py install is deprecated. Use build and pip and other standards-based tools.
[4.367s]   warnings.warn(
[4.367s] copying examples_rclpy_minimal_action_client/client_asyncio.py -> /home/reuben/ros2_ws/build/examples_rclpy_minimal_action_client/build/lib/examples_rclpy_minimal_action_client
[4.368s] running install
[4.368s] running install_lib
[4.385s] creating /home/reuben/ros2_ws/install/examples_rclpy_minimal_action_client/lib/python3.10/site-packages/examples_rclpy_minimal_action_client
[4.385s] copying /home/reuben/ros2_ws/build/examples_rclpy_minimal_action_client/build/lib/examples_rclpy_minimal_action_client/__init__.py -> /home/reuben/ros2_ws/install/examples_rclpy_minimal_action_client/lib/python3.10/site-packages/examples_rclpy_minimal_action_client
[4.385s] copying /home/reuben/ros2_ws/build/examples_rclpy_minimal_action_client/build/lib/examples_rclpy_minimal_action_client/client_cancel.py -> /home/reuben/ros2_ws/install/examples_rclpy_minimal_action_client/lib/python3.10/site-packages/examples_rclpy_minimal_action_client
[4.385s] copying /home/reuben/ros2_ws/build/examples_rclpy_minimal_action_client/build/lib/examples_rclpy_minimal_action_client/client_not_composable.py -> /home/reuben/ros2_ws/install/examples_rclpy_minimal_action_client/lib/python3.10/site-packages/examples_rclpy_minimal_action_client
[4.385s] copying /home/reuben/ros2_ws/build/examples_rclpy_minimal_action_client/build/lib/examples_rclpy_minimal_action_client/client.py -> /home/reuben/ros2_ws/install/examples_rclpy_minimal_action_client/lib/python3.10/site-packages/examples_rclpy_minimal_action_client
[4.385s] copying /home/reuben/ros2_ws/build/examples_rclpy_minimal_action_client/build/lib/examples_rclpy_minimal_action_client/client_asyncio.py -> /home/reuben/ros2_ws/install/examples_rclpy_minimal_action_client/lib/python3.10/site-packages/examples_rclpy_minimal_action_client
[4.385s] byte-compiling /home/reuben/ros2_ws/install/examples_rclpy_minimal_action_client/lib/python3.10/site-packages/examples_rclpy_minimal_action_client/__init__.py to __init__.cpython-310.pyc
[4.385s] byte-compiling /home/reuben/ros2_ws/install/examples_rclpy_minimal_action_client/lib/python3.10/site-packages/examples_rclpy_minimal_action_client/client_cancel.py to client_cancel.cpython-310.pyc
[4.385s] byte-compiling /home/reuben/ros2_ws/install/examples_rclpy_minimal_action_client/lib/python3.10/site-packages/examples_rclpy_minimal_action_client/client_not_composable.py to client_not_composable.cpython-310.pyc
[4.386s] byte-compiling /home/reuben/ros2_ws/install/examples_rclpy_minimal_action_client/lib/python3.10/site-packages/examples_rclpy_minimal_action_client/client.py to client.cpython-310.pyc
[4.386s] byte-compiling /home/reuben/ros2_ws/install/examples_rclpy_minimal_action_client/lib/python3.10/site-packages/examples_rclpy_minimal_action_client/client_asyncio.py to client_asyncio.cpython-310.pyc
[4.386s] running install_data
[4.386s] creating /home/reuben/ros2_ws/install/examples_rclpy_minimal_action_client/share/ament_index
[4.386s] creating /home/reuben/ros2_ws/install/examples_rclpy_minimal_action_client/share/ament_index/resource_index
[4.386s] creating /home/reuben/ros2_ws/install/examples_rclpy_minimal_action_client/share/ament_index/resource_index/packages
[4.386s] copying resource/examples_rclpy_minimal_action_client -> /home/reuben/ros2_ws/install/examples_rclpy_minimal_action_client/share/ament_index/resource_index/packages
[4.386s] copying package.xml -> /home/reuben/ros2_ws/install/examples_rclpy_minimal_action_client/share/examples_rclpy_minimal_action_client
[4.386s] running install_egg_info
[4.387s] Copying ../../../../../../build/examples_rclpy_minimal_action_client/examples_rclpy_minimal_action_client.egg-info to /home/reuben/ros2_ws/install/examples_rclpy_minimal_action_client/lib/python3.10/site-packages/examples_rclpy_minimal_action_client-0.15.1-py3.10.egg-info
[4.411s] running install_scripts
[4.505s] Installing client script to /home/reuben/ros2_ws/install/examples_rclpy_minimal_action_client/lib/examples_rclpy_minimal_action_client
[4.505s] Installing client_asyncio script to /home/reuben/ros2_ws/install/examples_rclpy_minimal_action_client/lib/examples_rclpy_minimal_action_client
[4.505s] Installing client_cancel script to /home/reuben/ros2_ws/install/examples_rclpy_minimal_action_client/lib/examples_rclpy_minimal_action_client
[4.506s] Installing client_not_composable script to /home/reuben/ros2_ws/install/examples_rclpy_minimal_action_client/lib/examples_rclpy_minimal_action_client
[4.513s] writing list of installed files to '/home/reuben/ros2_ws/build/examples_rclpy_minimal_action_client/install.log'
[6.199s] Invoked command in '/home/reuben/ros2_ws/src/src/examples/rclpy/actions/minimal_action_client' returned '0': PYTHONPATH=/home/reuben/ros2_ws/build/examples_rclpy_minimal_action_client/prefix_override:/home/reuben/ros2_ws/install/examples_rclpy_minimal_action_client/lib/python3.10/site-packages:${PYTHONPATH} /usr/bin/python3 setup.py egg_info --egg-base ../../../../../../build/examples_rclpy_minimal_action_client build --build-base /home/reuben/ros2_ws/build/examples_rclpy_minimal_action_client/build install --record /home/reuben/ros2_ws/build/examples_rclpy_minimal_action_client/install.log --single-version-externally-managed
